02-Jun-2021 13:21:59.012 INFO [main] org.apache.catalina.startup.VersionLoggerListener.log Server version name:   Apache Tomcat/9.0.46
02-Jun-2021 13:21:59.016 INFO [main] org.apache.catalina.startup.VersionLoggerListener.log Server built:          May 8 2021 17:35:52 UTC
02-Jun-2021 13:21:59.017 INFO [main] org.apache.catalina.startup.VersionLoggerListener.log Server version number: 9.0.46.0
02-Jun-2021 13:21:59.017 INFO [main] org.apache.catalina.startup.VersionLoggerListener.log OS Name:               Windows 10
02-Jun-2021 13:21:59.018 INFO [main] org.apache.catalina.startup.VersionLoggerListener.log OS Version:            10.0
02-Jun-2021 13:21:59.018 INFO [main] org.apache.catalina.startup.VersionLoggerListener.log Architecture:          amd64
02-Jun-2021 13:21:59.018 INFO [main] org.apache.catalina.startup.VersionLoggerListener.log Java Home:             C:\Program Files\Java\jdk-12.0.1
02-Jun-2021 13:21:59.019 INFO [main] org.apache.catalina.startup.VersionLoggerListener.log JVM Version:           12.0.1+12
02-Jun-2021 13:21:59.019 INFO [main] org.apache.catalina.startup.VersionLoggerListener.log JVM Vendor:            Oracle Corporation
02-Jun-2021 13:21:59.019 INFO [main] org.apache.catalina.startup.VersionLoggerListener.log CATALINA_BASE:         C:\Users\GagaN\Desktop\Intern Project\POC2\TCserver\apache-tomcat-9.0.46
02-Jun-2021 13:21:59.019 INFO [main] org.apache.catalina.startup.VersionLoggerListener.log CATALINA_HOME:         C:\Users\GagaN\Desktop\Intern Project\POC2\TCserver\apache-tomcat-9.0.46
02-Jun-2021 13:21:59.092 INFO [main] org.apache.catalina.startup.VersionLoggerListener.log Command line argument: --add-opens=java.base/java.lang=ALL-UNNAMED
02-Jun-2021 13:21:59.093 INFO [main] org.apache.catalina.startup.VersionLoggerListener.log Command line argument: --add-opens=java.base/java.io=ALL-UNNAMED
02-Jun-2021 13:21:59.094 INFO [main] org.apache.catalina.startup.VersionLoggerListener.log Command line argument: --add-opens=java.base/java.util=ALL-UNNAMED
02-Jun-2021 13:21:59.094 INFO [main] org.apache.catalina.startup.VersionLoggerListener.log Command line argument: --add-opens=java.base/java.util.concurrent=ALL-UNNAMED
02-Jun-2021 13:21:59.094 INFO [main] org.apache.catalina.startup.VersionLoggerListener.log Command line argument: --add-opens=java.rmi/sun.rmi.transport=ALL-UNNAMED
02-Jun-2021 13:21:59.095 INFO [main] org.apache.catalina.startup.VersionLoggerListener.log Command line argument: -Djava.util.logging.config.file=C:\Users\GagaN\Desktop\Intern Project\POC2\TCserver\apache-tomcat-9.0.46\conf\logging.properties
02-Jun-2021 13:21:59.096 INFO [main] org.apache.catalina.startup.VersionLoggerListener.log Command line argument: -Djava.util.logging.manager=org.apache.juli.ClassLoaderLogManager
02-Jun-2021 13:21:59.097 INFO [main] org.apache.catalina.startup.VersionLoggerListener.log Command line argument: -Djdk.tls.ephemeralDHKeySize=2048
02-Jun-2021 13:21:59.098 INFO [main] org.apache.catalina.startup.VersionLoggerListener.log Command line argument: -Djava.protocol.handler.pkgs=org.apache.catalina.webresources
02-Jun-2021 13:21:59.099 INFO [main] org.apache.catalina.startup.VersionLoggerListener.log Command line argument: -Dignore.endorsed.dirs=
02-Jun-2021 13:21:59.099 INFO [main] org.apache.catalina.startup.VersionLoggerListener.log Command line argument: -Dcatalina.base=C:\Users\GagaN\Desktop\Intern Project\POC2\TCserver\apache-tomcat-9.0.46
02-Jun-2021 13:21:59.100 INFO [main] org.apache.catalina.startup.VersionLoggerListener.log Command line argument: -Dcatalina.home=C:\Users\GagaN\Desktop\Intern Project\POC2\TCserver\apache-tomcat-9.0.46
02-Jun-2021 13:21:59.101 INFO [main] org.apache.catalina.startup.VersionLoggerListener.log Command line argument: -Djava.io.tmpdir=C:\Users\GagaN\Desktop\Intern Project\POC2\TCserver\apache-tomcat-9.0.46\temp
02-Jun-2021 13:21:59.120 INFO [main] org.apache.catalina.core.AprLifecycleListener.lifecycleEvent The Apache Tomcat Native library which allows using OpenSSL was not found on the java.library.path: [C:\Program Files\Java\jdk-12.0.1\bin;C:\WINDOWS\Sun\Java\bin;C:\WINDOWS\system32;C:\WINDOWS;C:\Program Files (x86)\Common Files\Oracle\Java\javapath;C:\Users\GagaN\AppData\Local\Programs\Python\Python38;"C:\WINDOWS\SYSTEM32;c:\Program Files\java\jdk\bin";C:\Windows;C:\Windows\System32\Wbem;C:\Windows\System32\WindowsPowerShell\v1.0\;C:\WINDOWS\system32;C:\WINDOWS;C:\WINDOWS\System32\Wbem;C:\WINDOWS\System32\WindowsPowerShell\v1.0\;C:\WINDOWS\System32\OpenSSH\;C:\Program Files\Microsoft SQL Server\130\Tools\Binn\;C:\Program Files\PuTTY\;C:\Program Files\NVIDIA Corporation\NVIDIA NvDLISR;C:\Program Files\Java\jdk-12.0.1\bin;C:\Program Files (x86)\NVIDIA Corporation\PhysX\Common;C:\Program Files\Java\jdk-12.0.1;C:\django\webdrivers;C:\MinGW\bin;C:\Users\GagaN\Anaconda3\python.exe;C:\Program Files\nodejs\;C:\ProgramData\chocolatey\bin;C:\Program Files (x86)\Yarn\bin\;C:\Program Files\Git\cmd;C:\WINDOWS\system32;C:\WINDOWS;C:\WINDOWS\System32\Wbem;C:\WINDOWS\System32\WindowsPowerShell\v1.0\;C:\WINDOWS\System32\OpenSSH\;C:\Users\GagaN\Anaconda3;C:\Users\GagaN\Anaconda3\Scripts;C:\Users\GagaN\Anaconda3\Library\bin;C:\Program Files\Docker\Docker\resources\bin;C:\ProgramData\DockerDesktop\version-bin;C:\Users\GagaN\Downloads\Programs\apache-ant-1.10.10;C:\django\chromedriver.exe;C:\Users\GagaN\AppData\Local\atom\bin;C:\Users\GagaN\AppData\Roaming\npm;C:\Users\GagaN\AppData\Local\Yarn\bin;C:\Users\GagaN\AppData\Local\Microsoft\WindowsApps;C:\Users\GagaN\AppData\Local\GitHubDesktop\bin;C:\Users\GagaN\Anaconda3;C:\Program Files\JetBrains\IntelliJ IDEA Community Edition 2021.1\bin;;C:\flutter\flutter\bin;C:\Users\GagaN\AppData\Local\Programs\Microsoft VS Code\bin;.]
02-Jun-2021 13:21:59.612 INFO [main] org.apache.coyote.AbstractProtocol.init Initializing ProtocolHandler ["http-nio-8080"]
02-Jun-2021 13:22:00.360 INFO [main] org.apache.catalina.startup.Catalina.load Server initialization in [1625] milliseconds
02-Jun-2021 13:22:00.421 INFO [main] org.apache.catalina.core.StandardService.startInternal Starting service [Catalina]
02-Jun-2021 13:22:00.422 INFO [main] org.apache.catalina.core.StandardEngine.startInternal Starting Servlet engine: [Apache Tomcat/9.0.46]
02-Jun-2021 13:22:00.439 INFO [main] org.apache.catalina.startup.HostConfig.deployDirectory Deploying web application directory [C:\Users\GagaN\Desktop\Intern Project\POC2\TCserver\apache-tomcat-9.0.46\webapps\app]
02-Jun-2021 13:22:03.536 INFO [main] org.apache.jasper.servlet.TldScanner.scanJars At least one JAR was scanned for TLDs yet contained no TLDs. Enable debug logging for this logger for a complete list of JARs that were scanned but no TLDs were found in them. Skipping unneeded JARs during scanning can improve startup time and JSP compilation time.
02-Jun-2021 13:22:04.268 WARNING [main] org.apache.catalina.util.SessionIdGeneratorBase.createSecureRandom Creation of SecureRandom instance for session ID generation using [SHA1PRNG] took [699] milliseconds.
02-Jun-2021 13:22:04.302 INFO [main] org.apache.catalina.startup.HostConfig.deployDirectory Deployment of web application directory [C:\Users\GagaN\Desktop\Intern Project\POC2\TCserver\apache-tomcat-9.0.46\webapps\app] has finished in [3,863] ms
02-Jun-2021 13:22:04.303 INFO [main] org.apache.catalina.startup.HostConfig.deployDirectory Deploying web application directory [C:\Users\GagaN\Desktop\Intern Project\POC2\TCserver\apache-tomcat-9.0.46\webapps\docs]
02-Jun-2021 13:22:06.690 INFO [main] org.apache.jasper.servlet.TldScanner.scanJars At least one JAR was scanned for TLDs yet contained no TLDs. Enable debug logging for this logger for a complete list of JARs that were scanned but no TLDs were found in them. Skipping unneeded JARs during scanning can improve startup time and JSP compilation time.
02-Jun-2021 13:22:06.701 INFO [main] org.apache.catalina.startup.HostConfig.deployDirectory Deployment of web application directory [C:\Users\GagaN\Desktop\Intern Project\POC2\TCserver\apache-tomcat-9.0.46\webapps\docs] has finished in [2,398] ms
02-Jun-2021 13:22:06.702 INFO [main] org.apache.catalina.startup.HostConfig.deployDirectory Deploying web application directory [C:\Users\GagaN\Desktop\Intern Project\POC2\TCserver\apache-tomcat-9.0.46\webapps\examples]
02-Jun-2021 13:22:10.523 INFO [main] org.apache.jasper.servlet.TldScanner.scanJars At least one JAR was scanned for TLDs yet contained no TLDs. Enable debug logging for this logger for a complete list of JARs that were scanned but no TLDs were found in them. Skipping unneeded JARs during scanning can improve startup time and JSP compilation time.
02-Jun-2021 13:22:10.658 INFO [main] org.apache.catalina.startup.HostConfig.deployDirectory Deployment of web application directory [C:\Users\GagaN\Desktop\Intern Project\POC2\TCserver\apache-tomcat-9.0.46\webapps\examples] has finished in [3,956] ms
02-Jun-2021 13:22:10.659 INFO [main] org.apache.catalina.startup.HostConfig.deployDirectory Deploying web application directory [C:\Users\GagaN\Desktop\Intern Project\POC2\TCserver\apache-tomcat-9.0.46\webapps\host-manager]
02-Jun-2021 13:22:12.895 INFO [main] org.apache.jasper.servlet.TldScanner.scanJars At least one JAR was scanned for TLDs yet contained no TLDs. Enable debug logging for this logger for a complete list of JARs that were scanned but no TLDs were found in them. Skipping unneeded JARs during scanning can improve startup time and JSP compilation time.
02-Jun-2021 13:22:12.917 INFO [main] org.apache.catalina.startup.HostConfig.deployDirectory Deployment of web application directory [C:\Users\GagaN\Desktop\Intern Project\POC2\TCserver\apache-tomcat-9.0.46\webapps\host-manager] has finished in [2,258] ms
02-Jun-2021 13:22:12.919 INFO [main] org.apache.catalina.startup.HostConfig.deployDirectory Deploying web application directory [C:\Users\GagaN\Desktop\Intern Project\POC2\TCserver\apache-tomcat-9.0.46\webapps\manager]
02-Jun-2021 13:22:15.995 INFO [main] org.apache.jasper.servlet.TldScanner.scanJars At least one JAR was scanned for TLDs yet contained no TLDs. Enable debug logging for this logger for a complete list of JARs that were scanned but no TLDs were found in them. Skipping unneeded JARs during scanning can improve startup time and JSP compilation time.
02-Jun-2021 13:22:16.012 INFO [main] org.apache.catalina.startup.HostConfig.deployDirectory Deployment of web application directory [C:\Users\GagaN\Desktop\Intern Project\POC2\TCserver\apache-tomcat-9.0.46\webapps\manager] has finished in [3,093] ms
02-Jun-2021 13:22:16.013 INFO [main] org.apache.catalina.startup.HostConfig.deployDirectory Deploying web application directory [C:\Users\GagaN\Desktop\Intern Project\POC2\TCserver\apache-tomcat-9.0.46\webapps\ROOT]
02-Jun-2021 13:22:19.215 INFO [main] org.apache.jasper.servlet.TldScanner.scanJars At least one JAR was scanned for TLDs yet contained no TLDs. Enable debug logging for this logger for a complete list of JARs that were scanned but no TLDs were found in them. Skipping unneeded JARs during scanning can improve startup time and JSP compilation time.
02-Jun-2021 13:22:19.241 INFO [main] org.apache.catalina.startup.HostConfig.deployDirectory Deployment of web application directory [C:\Users\GagaN\Desktop\Intern Project\POC2\TCserver\apache-tomcat-9.0.46\webapps\ROOT] has finished in [3,228] ms
02-Jun-2021 13:22:19.252 INFO [main] org.apache.coyote.AbstractProtocol.start Starting ProtocolHandler ["http-nio-8080"]
02-Jun-2021 13:22:19.281 INFO [main] org.apache.catalina.startup.Catalina.start Server startup in [18920] milliseconds
02-Jun-2021 13:28:43.637 INFO [main] org.apache.catalina.startup.VersionLoggerListener.log Server version name:   Apache Tomcat/9.0.46
02-Jun-2021 13:28:43.641 INFO [main] org.apache.catalina.startup.VersionLoggerListener.log Server built:          May 8 2021 17:35:52 UTC
02-Jun-2021 13:28:43.641 INFO [main] org.apache.catalina.startup.VersionLoggerListener.log Server version number: 9.0.46.0
02-Jun-2021 13:28:43.642 INFO [main] org.apache.catalina.startup.VersionLoggerListener.log OS Name:               Windows 10
02-Jun-2021 13:28:43.642 INFO [main] org.apache.catalina.startup.VersionLoggerListener.log OS Version:            10.0
02-Jun-2021 13:28:43.642 INFO [main] org.apache.catalina.startup.VersionLoggerListener.log Architecture:          amd64
02-Jun-2021 13:28:43.642 INFO [main] org.apache.catalina.startup.VersionLoggerListener.log Java Home:             C:\Program Files\Java\jdk-12.0.1
02-Jun-2021 13:28:43.643 INFO [main] org.apache.catalina.startup.VersionLoggerListener.log JVM Version:           12.0.1+12
02-Jun-2021 13:28:43.643 INFO [main] org.apache.catalina.startup.VersionLoggerListener.log JVM Vendor:            Oracle Corporation
02-Jun-2021 13:28:43.643 INFO [main] org.apache.catalina.startup.VersionLoggerListener.log CATALINA_BASE:         C:\Users\GagaN\Desktop\Intern Project\POC2\TCserver\apache-tomcat-9.0.46
02-Jun-2021 13:28:43.644 INFO [main] org.apache.catalina.startup.VersionLoggerListener.log CATALINA_HOME:         C:\Users\GagaN\Desktop\Intern Project\POC2\TCserver\apache-tomcat-9.0.46
02-Jun-2021 13:28:43.663 INFO [main] org.apache.catalina.startup.VersionLoggerListener.log Command line argument: --add-opens=java.base/java.lang=ALL-UNNAMED
02-Jun-2021 13:28:43.664 INFO [main] org.apache.catalina.startup.VersionLoggerListener.log Command line argument: --add-opens=java.base/java.io=ALL-UNNAMED
02-Jun-2021 13:28:43.664 INFO [main] org.apache.catalina.startup.VersionLoggerListener.log Command line argument: --add-opens=java.base/java.util=ALL-UNNAMED
02-Jun-2021 13:28:43.665 INFO [main] org.apache.catalina.startup.VersionLoggerListener.log Command line argument: --add-opens=java.base/java.util.concurrent=ALL-UNNAMED
02-Jun-2021 13:28:43.665 INFO [main] org.apache.catalina.startup.VersionLoggerListener.log Command line argument: --add-opens=java.rmi/sun.rmi.transport=ALL-UNNAMED
02-Jun-2021 13:28:43.666 INFO [main] org.apache.catalina.startup.VersionLoggerListener.log Command line argument: -Djava.util.logging.config.file=C:\Users\GagaN\Desktop\Intern Project\POC2\TCserver\apache-tomcat-9.0.46\conf\logging.properties
02-Jun-2021 13:28:43.667 INFO [main] org.apache.catalina.startup.VersionLoggerListener.log Command line argument: -Djava.util.logging.manager=org.apache.juli.ClassLoaderLogManager
02-Jun-2021 13:28:43.668 INFO [main] org.apache.catalina.startup.VersionLoggerListener.log Command line argument: -Djdk.tls.ephemeralDHKeySize=2048
02-Jun-2021 13:28:43.669 INFO [main] org.apache.catalina.startup.VersionLoggerListener.log Command line argument: -Djava.protocol.handler.pkgs=org.apache.catalina.webresources
02-Jun-2021 13:28:43.671 INFO [main] org.apache.catalina.startup.VersionLoggerListener.log Command line argument: -Dignore.endorsed.dirs=
02-Jun-2021 13:28:43.672 INFO [main] org.apache.catalina.startup.VersionLoggerListener.log Command line argument: -Dcatalina.base=C:\Users\GagaN\Desktop\Intern Project\POC2\TCserver\apache-tomcat-9.0.46
02-Jun-2021 13:28:43.674 INFO [main] org.apache.catalina.startup.VersionLoggerListener.log Command line argument: -Dcatalina.home=C:\Users\GagaN\Desktop\Intern Project\POC2\TCserver\apache-tomcat-9.0.46
02-Jun-2021 13:28:43.674 INFO [main] org.apache.catalina.startup.VersionLoggerListener.log Command line argument: -Djava.io.tmpdir=C:\Users\GagaN\Desktop\Intern Project\POC2\TCserver\apache-tomcat-9.0.46\temp
02-Jun-2021 13:28:43.694 INFO [main] org.apache.catalina.core.AprLifecycleListener.lifecycleEvent The Apache Tomcat Native library which allows using OpenSSL was not found on the java.library.path: [C:\Program Files\Java\jdk-12.0.1\bin;C:\WINDOWS\Sun\Java\bin;C:\WINDOWS\system32;C:\WINDOWS;C:\Program Files (x86)\Common Files\Oracle\Java\javapath;C:\Users\GagaN\AppData\Local\Programs\Python\Python38;"C:\WINDOWS\SYSTEM32;c:\Program Files\java\jdk\bin";C:\Windows;C:\Windows\System32\Wbem;C:\Windows\System32\WindowsPowerShell\v1.0\;C:\WINDOWS\system32;C:\WINDOWS;C:\WINDOWS\System32\Wbem;C:\WINDOWS\System32\WindowsPowerShell\v1.0\;C:\WINDOWS\System32\OpenSSH\;C:\Program Files\Microsoft SQL Server\130\Tools\Binn\;C:\Program Files\PuTTY\;C:\Program Files\NVIDIA Corporation\NVIDIA NvDLISR;C:\Program Files\Java\jdk-12.0.1\bin;C:\Program Files (x86)\NVIDIA Corporation\PhysX\Common;C:\Program Files\Java\jdk-12.0.1;C:\django\webdrivers;C:\MinGW\bin;C:\Users\GagaN\Anaconda3\python.exe;C:\Program Files\nodejs\;C:\ProgramData\chocolatey\bin;C:\Program Files (x86)\Yarn\bin\;C:\Program Files\Git\cmd;C:\WINDOWS\system32;C:\WINDOWS;C:\WINDOWS\System32\Wbem;C:\WINDOWS\System32\WindowsPowerShell\v1.0\;C:\WINDOWS\System32\OpenSSH\;C:\Users\GagaN\Anaconda3;C:\Users\GagaN\Anaconda3\Scripts;C:\Users\GagaN\Anaconda3\Library\bin;C:\Program Files\Docker\Docker\resources\bin;C:\ProgramData\DockerDesktop\version-bin;C:\Users\GagaN\Downloads\Programs\apache-ant-1.10.10;C:\django\chromedriver.exe;C:\Users\GagaN\AppData\Local\atom\bin;C:\Users\GagaN\AppData\Roaming\npm;C:\Users\GagaN\AppData\Local\Yarn\bin;C:\Users\GagaN\AppData\Local\Microsoft\WindowsApps;C:\Users\GagaN\AppData\Local\GitHubDesktop\bin;C:\Users\GagaN\Anaconda3;C:\Program Files\JetBrains\IntelliJ IDEA Community Edition 2021.1\bin;;C:\flutter\flutter\bin;C:\Users\GagaN\AppData\Local\Programs\Microsoft VS Code\bin;.]
02-Jun-2021 13:28:44.161 INFO [main] org.apache.coyote.AbstractProtocol.init Initializing ProtocolHandler ["http-nio-8080"]
02-Jun-2021 13:28:44.893 INFO [main] org.apache.catalina.startup.Catalina.load Server initialization in [1491] milliseconds
02-Jun-2021 13:28:44.943 INFO [main] org.apache.catalina.core.StandardService.startInternal Starting service [Catalina]
02-Jun-2021 13:28:44.944 INFO [main] org.apache.catalina.core.StandardEngine.startInternal Starting Servlet engine: [Apache Tomcat/9.0.46]
02-Jun-2021 13:28:44.961 INFO [main] org.apache.catalina.startup.HostConfig.deployDirectory Deploying web application directory [C:\Users\GagaN\Desktop\Intern Project\POC2\TCserver\apache-tomcat-9.0.46\webapps\app]
02-Jun-2021 13:28:47.749 INFO [main] org.apache.jasper.servlet.TldScanner.scanJars At least one JAR was scanned for TLDs yet contained no TLDs. Enable debug logging for this logger for a complete list of JARs that were scanned but no TLDs were found in them. Skipping unneeded JARs during scanning can improve startup time and JSP compilation time.
02-Jun-2021 13:28:48.582 WARNING [main] org.apache.catalina.util.SessionIdGeneratorBase.createSecureRandom Creation of SecureRandom instance for session ID generation using [SHA1PRNG] took [807] milliseconds.
02-Jun-2021 13:28:48.611 INFO [main] org.apache.catalina.startup.HostConfig.deployDirectory Deployment of web application directory [C:\Users\GagaN\Desktop\Intern Project\POC2\TCserver\apache-tomcat-9.0.46\webapps\app] has finished in [3,649] ms
02-Jun-2021 13:28:48.611 INFO [main] org.apache.catalina.startup.HostConfig.deployDirectory Deploying web application directory [C:\Users\GagaN\Desktop\Intern Project\POC2\TCserver\apache-tomcat-9.0.46\webapps\docs]
02-Jun-2021 13:28:50.778 INFO [main] org.apache.jasper.servlet.TldScanner.scanJars At least one JAR was scanned for TLDs yet contained no TLDs. Enable debug logging for this logger for a complete list of JARs that were scanned but no TLDs were found in them. Skipping unneeded JARs during scanning can improve startup time and JSP compilation time.
02-Jun-2021 13:28:50.786 INFO [main] org.apache.catalina.startup.HostConfig.deployDirectory Deployment of web application directory [C:\Users\GagaN\Desktop\Intern Project\POC2\TCserver\apache-tomcat-9.0.46\webapps\docs] has finished in [2,175] ms
02-Jun-2021 13:28:50.787 INFO [main] org.apache.catalina.startup.HostConfig.deployDirectory Deploying web application directory [C:\Users\GagaN\Desktop\Intern Project\POC2\TCserver\apache-tomcat-9.0.46\webapps\examples]
02-Jun-2021 13:28:53.688 INFO [main] org.apache.jasper.servlet.TldScanner.scanJars At least one JAR was scanned for TLDs yet contained no TLDs. Enable debug logging for this logger for a complete list of JARs that were scanned but no TLDs were found in them. Skipping unneeded JARs during scanning can improve startup time and JSP compilation time.
02-Jun-2021 13:28:53.812 INFO [main] org.apache.catalina.startup.HostConfig.deployDirectory Deployment of web application directory [C:\Users\GagaN\Desktop\Intern Project\POC2\TCserver\apache-tomcat-9.0.46\webapps\examples] has finished in [3,025] ms
02-Jun-2021 13:28:53.812 INFO [main] org.apache.catalina.startup.HostConfig.deployDirectory Deploying web application directory [C:\Users\GagaN\Desktop\Intern Project\POC2\TCserver\apache-tomcat-9.0.46\webapps\host-manager]
02-Jun-2021 13:28:55.918 INFO [main] org.apache.jasper.servlet.TldScanner.scanJars At least one JAR was scanned for TLDs yet contained no TLDs. Enable debug logging for this logger for a complete list of JARs that were scanned but no TLDs were found in them. Skipping unneeded JARs during scanning can improve startup time and JSP compilation time.
02-Jun-2021 13:28:55.927 INFO [main] org.apache.catalina.startup.HostConfig.deployDirectory Deployment of web application directory [C:\Users\GagaN\Desktop\Intern Project\POC2\TCserver\apache-tomcat-9.0.46\webapps\host-manager] has finished in [2,114] ms
02-Jun-2021 13:28:55.928 INFO [main] org.apache.catalina.startup.HostConfig.deployDirectory Deploying web application directory [C:\Users\GagaN\Desktop\Intern Project\POC2\TCserver\apache-tomcat-9.0.46\webapps\manager]
02-Jun-2021 13:28:57.766 INFO [main] org.apache.jasper.servlet.TldScanner.scanJars At least one JAR was scanned for TLDs yet contained no TLDs. Enable debug logging for this logger for a complete list of JARs that were scanned but no TLDs were found in them. Skipping unneeded JARs during scanning can improve startup time and JSP compilation time.
02-Jun-2021 13:28:57.773 INFO [main] org.apache.catalina.startup.HostConfig.deployDirectory Deployment of web application directory [C:\Users\GagaN\Desktop\Intern Project\POC2\TCserver\apache-tomcat-9.0.46\webapps\manager] has finished in [1,846] ms
02-Jun-2021 13:28:57.774 INFO [main] org.apache.catalina.startup.HostConfig.deployDirectory Deploying web application directory [C:\Users\GagaN\Desktop\Intern Project\POC2\TCserver\apache-tomcat-9.0.46\webapps\ROOT]
02-Jun-2021 13:28:59.582 INFO [main] org.apache.jasper.servlet.TldScanner.scanJars At least one JAR was scanned for TLDs yet contained no TLDs. Enable debug logging for this logger for a complete list of JARs that were scanned but no TLDs were found in them. Skipping unneeded JARs during scanning can improve startup time and JSP compilation time.
02-Jun-2021 13:28:59.589 INFO [main] org.apache.catalina.startup.HostConfig.deployDirectory Deployment of web application directory [C:\Users\GagaN\Desktop\Intern Project\POC2\TCserver\apache-tomcat-9.0.46\webapps\ROOT] has finished in [1,815] ms
02-Jun-2021 13:28:59.596 INFO [main] org.apache.coyote.AbstractProtocol.start Starting ProtocolHandler ["http-nio-8080"]
02-Jun-2021 13:28:59.609 INFO [main] org.apache.catalina.startup.Catalina.start Server startup in [14716] milliseconds
02-Jun-2021 13:29:41.355 INFO [main] org.apache.catalina.startup.VersionLoggerListener.log Server version name:   Apache Tomcat/9.0.46
02-Jun-2021 13:29:41.359 INFO [main] org.apache.catalina.startup.VersionLoggerListener.log Server built:          May 8 2021 17:35:52 UTC
02-Jun-2021 13:29:41.359 INFO [main] org.apache.catalina.startup.VersionLoggerListener.log Server version number: 9.0.46.0
02-Jun-2021 13:29:41.359 INFO [main] org.apache.catalina.startup.VersionLoggerListener.log OS Name:               Windows 10
02-Jun-2021 13:29:41.360 INFO [main] org.apache.catalina.startup.VersionLoggerListener.log OS Version:            10.0
02-Jun-2021 13:29:41.360 INFO [main] org.apache.catalina.startup.VersionLoggerListener.log Architecture:          amd64
02-Jun-2021 13:29:41.360 INFO [main] org.apache.catalina.startup.VersionLoggerListener.log Java Home:             C:\Program Files\Java\jdk-12.0.1
02-Jun-2021 13:29:41.361 INFO [main] org.apache.catalina.startup.VersionLoggerListener.log JVM Version:           12.0.1+12
02-Jun-2021 13:29:41.361 INFO [main] org.apache.catalina.startup.VersionLoggerListener.log JVM Vendor:            Oracle Corporation
02-Jun-2021 13:29:41.361 INFO [main] org.apache.catalina.startup.VersionLoggerListener.log CATALINA_BASE:         C:\Users\GagaN\Desktop\Intern Project\POC2\TCserver\apache-tomcat-9.0.46
02-Jun-2021 13:29:41.361 INFO [main] org.apache.catalina.startup.VersionLoggerListener.log CATALINA_HOME:         C:\Users\GagaN\Desktop\Intern Project\POC2\TCserver\apache-tomcat-9.0.46
02-Jun-2021 13:29:41.378 INFO [main] org.apache.catalina.startup.VersionLoggerListener.log Command line argument: --add-opens=java.base/java.lang=ALL-UNNAMED
02-Jun-2021 13:29:41.378 INFO [main] org.apache.catalina.startup.VersionLoggerListener.log Command line argument: --add-opens=java.base/java.io=ALL-UNNAMED
02-Jun-2021 13:29:41.379 INFO [main] org.apache.catalina.startup.VersionLoggerListener.log Command line argument: --add-opens=java.base/java.util=ALL-UNNAMED
02-Jun-2021 13:29:41.381 INFO [main] org.apache.catalina.startup.VersionLoggerListener.log Command line argument: --add-opens=java.base/java.util.concurrent=ALL-UNNAMED
02-Jun-2021 13:29:41.381 INFO [main] org.apache.catalina.startup.VersionLoggerListener.log Command line argument: --add-opens=java.rmi/sun.rmi.transport=ALL-UNNAMED
02-Jun-2021 13:29:41.382 INFO [main] org.apache.catalina.startup.VersionLoggerListener.log Command line argument: -Djava.util.logging.config.file=C:\Users\GagaN\Desktop\Intern Project\POC2\TCserver\apache-tomcat-9.0.46\conf\logging.properties
02-Jun-2021 13:29:41.383 INFO [main] org.apache.catalina.startup.VersionLoggerListener.log Command line argument: -Djava.util.logging.manager=org.apache.juli.ClassLoaderLogManager
02-Jun-2021 13:29:41.385 INFO [main] org.apache.catalina.startup.VersionLoggerListener.log Command line argument: -Djdk.tls.ephemeralDHKeySize=2048
02-Jun-2021 13:29:41.386 INFO [main] org.apache.catalina.startup.VersionLoggerListener.log Command line argument: -Djava.protocol.handler.pkgs=org.apache.catalina.webresources
02-Jun-2021 13:29:41.387 INFO [main] org.apache.catalina.startup.VersionLoggerListener.log Command line argument: -Dignore.endorsed.dirs=
02-Jun-2021 13:29:41.388 INFO [main] org.apache.catalina.startup.VersionLoggerListener.log Command line argument: -Dcatalina.base=C:\Users\GagaN\Desktop\Intern Project\POC2\TCserver\apache-tomcat-9.0.46
02-Jun-2021 13:29:41.389 INFO [main] org.apache.catalina.startup.VersionLoggerListener.log Command line argument: -Dcatalina.home=C:\Users\GagaN\Desktop\Intern Project\POC2\TCserver\apache-tomcat-9.0.46
02-Jun-2021 13:29:41.390 INFO [main] org.apache.catalina.startup.VersionLoggerListener.log Command line argument: -Djava.io.tmpdir=C:\Users\GagaN\Desktop\Intern Project\POC2\TCserver\apache-tomcat-9.0.46\temp
02-Jun-2021 13:29:41.409 INFO [main] org.apache.catalina.core.AprLifecycleListener.lifecycleEvent The Apache Tomcat Native library which allows using OpenSSL was not found on the java.library.path: [C:\Program Files\Java\jdk-12.0.1\bin;C:\WINDOWS\Sun\Java\bin;C:\WINDOWS\system32;C:\WINDOWS;C:\Program Files (x86)\Common Files\Oracle\Java\javapath;C:\Users\GagaN\AppData\Local\Programs\Python\Python38;"C:\WINDOWS\SYSTEM32;c:\Program Files\java\jdk\bin";C:\Windows;C:\Windows\System32\Wbem;C:\Windows\System32\WindowsPowerShell\v1.0\;C:\WINDOWS\system32;C:\WINDOWS;C:\WINDOWS\System32\Wbem;C:\WINDOWS\System32\WindowsPowerShell\v1.0\;C:\WINDOWS\System32\OpenSSH\;C:\Program Files\Microsoft SQL Server\130\Tools\Binn\;C:\Program Files\PuTTY\;C:\Program Files\NVIDIA Corporation\NVIDIA NvDLISR;C:\Program Files\Java\jdk-12.0.1\bin;C:\Program Files (x86)\NVIDIA Corporation\PhysX\Common;C:\Program Files\Java\jdk-12.0.1;C:\django\webdrivers;C:\MinGW\bin;C:\Users\GagaN\Anaconda3\python.exe;C:\Program Files\nodejs\;C:\ProgramData\chocolatey\bin;C:\Program Files (x86)\Yarn\bin\;C:\Program Files\Git\cmd;C:\WINDOWS\system32;C:\WINDOWS;C:\WINDOWS\System32\Wbem;C:\WINDOWS\System32\WindowsPowerShell\v1.0\;C:\WINDOWS\System32\OpenSSH\;C:\Users\GagaN\Anaconda3;C:\Users\GagaN\Anaconda3\Scripts;C:\Users\GagaN\Anaconda3\Library\bin;C:\Program Files\Docker\Docker\resources\bin;C:\ProgramData\DockerDesktop\version-bin;C:\Users\GagaN\Downloads\Programs\apache-ant-1.10.10;C:\django\chromedriver.exe;C:\Users\GagaN\AppData\Local\atom\bin;C:\Users\GagaN\AppData\Roaming\npm;C:\Users\GagaN\AppData\Local\Yarn\bin;C:\Users\GagaN\AppData\Local\Microsoft\WindowsApps;C:\Users\GagaN\AppData\Local\GitHubDesktop\bin;C:\Users\GagaN\Anaconda3;C:\Program Files\JetBrains\IntelliJ IDEA Community Edition 2021.1\bin;;C:\flutter\flutter\bin;C:\Users\GagaN\AppData\Local\Programs\Microsoft VS Code\bin;.]
02-Jun-2021 13:29:41.888 INFO [main] org.apache.coyote.AbstractProtocol.init Initializing ProtocolHandler ["http-nio-8080"]
02-Jun-2021 13:29:42.658 INFO [main] org.apache.catalina.startup.Catalina.load Server initialization in [1553] milliseconds
02-Jun-2021 13:29:42.716 INFO [main] org.apache.catalina.core.StandardService.startInternal Starting service [Catalina]
02-Jun-2021 13:29:42.717 INFO [main] org.apache.catalina.core.StandardEngine.startInternal Starting Servlet engine: [Apache Tomcat/9.0.46]
02-Jun-2021 13:29:42.731 INFO [main] org.apache.catalina.startup.HostConfig.deployDirectory Deploying web application directory [C:\Users\GagaN\Desktop\Intern Project\POC2\TCserver\apache-tomcat-9.0.46\webapps\app]
02-Jun-2021 13:29:46.116 INFO [main] org.apache.jasper.servlet.TldScanner.scanJars At least one JAR was scanned for TLDs yet contained no TLDs. Enable debug logging for this logger for a complete list of JARs that were scanned but no TLDs were found in them. Skipping unneeded JARs during scanning can improve startup time and JSP compilation time.
02-Jun-2021 13:29:46.802 WARNING [main] org.apache.catalina.util.SessionIdGeneratorBase.createSecureRandom Creation of SecureRandom instance for session ID generation using [SHA1PRNG] took [652] milliseconds.
02-Jun-2021 13:29:46.831 INFO [main] org.apache.catalina.startup.HostConfig.deployDirectory Deployment of web application directory [C:\Users\GagaN\Desktop\Intern Project\POC2\TCserver\apache-tomcat-9.0.46\webapps\app] has finished in [4,100] ms
02-Jun-2021 13:29:46.832 INFO [main] org.apache.catalina.startup.HostConfig.deployDirectory Deploying web application directory [C:\Users\GagaN\Desktop\Intern Project\POC2\TCserver\apache-tomcat-9.0.46\webapps\docs]
02-Jun-2021 13:29:48.919 INFO [main] org.apache.jasper.servlet.TldScanner.scanJars At least one JAR was scanned for TLDs yet contained no TLDs. Enable debug logging for this logger for a complete list of JARs that were scanned but no TLDs were found in them. Skipping unneeded JARs during scanning can improve startup time and JSP compilation time.
02-Jun-2021 13:29:48.926 INFO [main] org.apache.catalina.startup.HostConfig.deployDirectory Deployment of web application directory [C:\Users\GagaN\Desktop\Intern Project\POC2\TCserver\apache-tomcat-9.0.46\webapps\docs] has finished in [2,093] ms
02-Jun-2021 13:29:48.926 INFO [main] org.apache.catalina.startup.HostConfig.deployDirectory Deploying web application directory [C:\Users\GagaN\Desktop\Intern Project\POC2\TCserver\apache-tomcat-9.0.46\webapps\examples]
02-Jun-2021 13:29:51.639 INFO [main] org.apache.jasper.servlet.TldScanner.scanJars At least one JAR was scanned for TLDs yet contained no TLDs. Enable debug logging for this logger for a complete list of JARs that were scanned but no TLDs were found in them. Skipping unneeded JARs during scanning can improve startup time and JSP compilation time.
02-Jun-2021 13:29:51.759 INFO [main] org.apache.catalina.startup.HostConfig.deployDirectory Deployment of web application directory [C:\Users\GagaN\Desktop\Intern Project\POC2\TCserver\apache-tomcat-9.0.46\webapps\examples] has finished in [2,833] ms
02-Jun-2021 13:29:51.760 INFO [main] org.apache.catalina.startup.HostConfig.deployDirectory Deploying web application directory [C:\Users\GagaN\Desktop\Intern Project\POC2\TCserver\apache-tomcat-9.0.46\webapps\host-manager]
02-Jun-2021 13:29:53.595 INFO [main] org.apache.jasper.servlet.TldScanner.scanJars At least one JAR was scanned for TLDs yet contained no TLDs. Enable debug logging for this logger for a complete list of JARs that were scanned but no TLDs were found in them. Skipping unneeded JARs during scanning can improve startup time and JSP compilation time.
02-Jun-2021 13:29:53.603 INFO [main] org.apache.catalina.startup.HostConfig.deployDirectory Deployment of web application directory [C:\Users\GagaN\Desktop\Intern Project\POC2\TCserver\apache-tomcat-9.0.46\webapps\host-manager] has finished in [1,843] ms
02-Jun-2021 13:29:53.604 INFO [main] org.apache.catalina.startup.HostConfig.deployDirectory Deploying web application directory [C:\Users\GagaN\Desktop\Intern Project\POC2\TCserver\apache-tomcat-9.0.46\webapps\manager]
02-Jun-2021 13:29:55.420 INFO [main] org.apache.jasper.servlet.TldScanner.scanJars At least one JAR was scanned for TLDs yet contained no TLDs. Enable debug logging for this logger for a complete list of JARs that were scanned but no TLDs were found in them. Skipping unneeded JARs during scanning can improve startup time and JSP compilation time.
02-Jun-2021 13:29:55.428 INFO [main] org.apache.catalina.startup.HostConfig.deployDirectory Deployment of web application directory [C:\Users\GagaN\Desktop\Intern Project\POC2\TCserver\apache-tomcat-9.0.46\webapps\manager] has finished in [1,824] ms
02-Jun-2021 13:29:55.429 INFO [main] org.apache.catalina.startup.HostConfig.deployDirectory Deploying web application directory [C:\Users\GagaN\Desktop\Intern Project\POC2\TCserver\apache-tomcat-9.0.46\webapps\ROOT]
02-Jun-2021 13:29:57.255 INFO [main] org.apache.jasper.servlet.TldScanner.scanJars At least one JAR was scanned for TLDs yet contained no TLDs. Enable debug logging for this logger for a complete list of JARs that were scanned but no TLDs were found in them. Skipping unneeded JARs during scanning can improve startup time and JSP compilation time.
02-Jun-2021 13:29:57.262 INFO [main] org.apache.catalina.startup.HostConfig.deployDirectory Deployment of web application directory [C:\Users\GagaN\Desktop\Intern Project\POC2\TCserver\apache-tomcat-9.0.46\webapps\ROOT] has finished in [1,833] ms
02-Jun-2021 13:29:57.273 INFO [main] org.apache.coyote.AbstractProtocol.start Starting ProtocolHandler ["http-nio-8080"]
02-Jun-2021 13:29:57.285 INFO [main] org.apache.catalina.startup.Catalina.start Server startup in [14626] milliseconds
