19-Jun-2021 16:40:55.205 INFO [main] org.apache.catalina.startup.VersionLoggerListener.log Server version name:   Apache Tomcat/9.0.46
19-Jun-2021 16:40:55.209 INFO [main] org.apache.catalina.startup.VersionLoggerListener.log Server built:          May 8 2021 17:35:52 UTC
19-Jun-2021 16:40:55.210 INFO [main] org.apache.catalina.startup.VersionLoggerListener.log Server version number: 9.0.46.0
19-Jun-2021 16:40:55.210 INFO [main] org.apache.catalina.startup.VersionLoggerListener.log OS Name:               Windows 10
19-Jun-2021 16:40:55.210 INFO [main] org.apache.catalina.startup.VersionLoggerListener.log OS Version:            10.0
19-Jun-2021 16:40:55.210 INFO [main] org.apache.catalina.startup.VersionLoggerListener.log Architecture:          amd64
19-Jun-2021 16:40:55.211 INFO [main] org.apache.catalina.startup.VersionLoggerListener.log Java Home:             C:\Program Files\Java\jdk-12.0.1
19-Jun-2021 16:40:55.211 INFO [main] org.apache.catalina.startup.VersionLoggerListener.log JVM Version:           12.0.1+12
19-Jun-2021 16:40:55.211 INFO [main] org.apache.catalina.startup.VersionLoggerListener.log JVM Vendor:            Oracle Corporation
19-Jun-2021 16:40:55.211 INFO [main] org.apache.catalina.startup.VersionLoggerListener.log CATALINA_BASE:         C:\Users\GagaN\Desktop\Intern Project\POC2\TCserver\apache-tomcat-9.0.46
19-Jun-2021 16:40:55.212 INFO [main] org.apache.catalina.startup.VersionLoggerListener.log CATALINA_HOME:         C:\Users\GagaN\Desktop\Intern Project\POC2\TCserver\apache-tomcat-9.0.46
19-Jun-2021 16:40:55.299 INFO [main] org.apache.catalina.startup.VersionLoggerListener.log Command line argument: --add-opens=java.base/java.lang=ALL-UNNAMED
19-Jun-2021 16:40:55.301 INFO [main] org.apache.catalina.startup.VersionLoggerListener.log Command line argument: --add-opens=java.base/java.io=ALL-UNNAMED
19-Jun-2021 16:40:55.301 INFO [main] org.apache.catalina.startup.VersionLoggerListener.log Command line argument: --add-opens=java.base/java.util=ALL-UNNAMED
19-Jun-2021 16:40:55.302 INFO [main] org.apache.catalina.startup.VersionLoggerListener.log Command line argument: --add-opens=java.base/java.util.concurrent=ALL-UNNAMED
19-Jun-2021 16:40:55.302 INFO [main] org.apache.catalina.startup.VersionLoggerListener.log Command line argument: --add-opens=java.rmi/sun.rmi.transport=ALL-UNNAMED
19-Jun-2021 16:40:55.303 INFO [main] org.apache.catalina.startup.VersionLoggerListener.log Command line argument: -Djava.util.logging.config.file=C:\Users\GagaN\Desktop\Intern Project\POC2\TCserver\apache-tomcat-9.0.46\conf\logging.properties
19-Jun-2021 16:40:55.304 INFO [main] org.apache.catalina.startup.VersionLoggerListener.log Command line argument: -Djava.util.logging.manager=org.apache.juli.ClassLoaderLogManager
19-Jun-2021 16:40:55.305 INFO [main] org.apache.catalina.startup.VersionLoggerListener.log Command line argument: -Djdk.tls.ephemeralDHKeySize=2048
19-Jun-2021 16:40:55.306 INFO [main] org.apache.catalina.startup.VersionLoggerListener.log Command line argument: -Djava.protocol.handler.pkgs=org.apache.catalina.webresources
19-Jun-2021 16:40:55.306 INFO [main] org.apache.catalina.startup.VersionLoggerListener.log Command line argument: -Dignore.endorsed.dirs=
19-Jun-2021 16:40:55.307 INFO [main] org.apache.catalina.startup.VersionLoggerListener.log Command line argument: -Dcatalina.base=C:\Users\GagaN\Desktop\Intern Project\POC2\TCserver\apache-tomcat-9.0.46
19-Jun-2021 16:40:55.308 INFO [main] org.apache.catalina.startup.VersionLoggerListener.log Command line argument: -Dcatalina.home=C:\Users\GagaN\Desktop\Intern Project\POC2\TCserver\apache-tomcat-9.0.46
19-Jun-2021 16:40:55.309 INFO [main] org.apache.catalina.startup.VersionLoggerListener.log Command line argument: -Djava.io.tmpdir=C:\Users\GagaN\Desktop\Intern Project\POC2\TCserver\apache-tomcat-9.0.46\temp
19-Jun-2021 16:40:55.334 INFO [main] org.apache.catalina.core.AprLifecycleListener.lifecycleEvent The Apache Tomcat Native library which allows using OpenSSL was not found on the java.library.path: [C:\Program Files\Java\jdk-12.0.1\bin;C:\WINDOWS\Sun\Java\bin;C:\WINDOWS\system32;C:\WINDOWS;C:\Users\GagaN\AppData\Local\Programs\Python\Python38;"C:\WINDOWS\SYSTEM32;c:\Program Files\java\jdk\bin";C:\Windows;C:\Windows\System32\Wbem;C:\Windows\System32\WindowsPowerShell\v1.0\;C:\WINDOWS\system32;C:\WINDOWS;C:\WINDOWS\System32\Wbem;C:\WINDOWS\System32\WindowsPowerShell\v1.0\;C:\WINDOWS\System32\OpenSSH\;C:\Program Files\Microsoft SQL Server\130\Tools\Binn\;C:\Program Files\PuTTY\;C:\Program Files\NVIDIA Corporation\NVIDIA NvDLISR;C:\Program Files\Java\jdk-12.0.1\bin;C:\Program Files (x86)\NVIDIA Corporation\PhysX\Common;C:\Program Files\Java\jdk-12.0.1;C:\django\webdrivers;C:\MinGW\bin;C:\Users\GagaN\Anaconda3\python.exe;C:\Program Files\nodejs\;C:\ProgramData\chocolatey\bin;C:\Program Files (x86)\Yarn\bin\;C:\Program Files\Git\cmd;C:\WINDOWS\system32;C:\WINDOWS;C:\WINDOWS\System32\Wbem;C:\WINDOWS\System32\WindowsPowerShell\v1.0\;C:\WINDOWS\System32\OpenSSH\;C:\Users\GagaN\Anaconda3;C:\Users\GagaN\Anaconda3\Scripts;C:\Users\GagaN\Anaconda3\Library\bin;C:\Program Files\Docker\Docker\resources\bin;C:\ProgramData\DockerDesktop\version-bin;C:\Users\GagaN\Downloads\Programs\apache-ant-1.10.10;C:\Users\GagaN\Downloads\Programs;C:\django\chromedriver.exe;C:\Users\GagaN\AppData\Local\atom\bin;C:\Users\GagaN\AppData\Roaming\npm;C:\Users\GagaN\AppData\Local\Yarn\bin;C:\Users\GagaN\AppData\Local\Microsoft\WindowsApps;C:\Users\GagaN\AppData\Local\GitHubDesktop\bin;C:\Users\GagaN\Anaconda3;C:\Program Files\JetBrains\IntelliJ IDEA Community Edition 2021.1\bin;;C:\flutter\flutter\bin;C:\Users\GagaN\AppData\Local\Programs\Microsoft VS Code\bin;.]
19-Jun-2021 16:40:56.038 INFO [main] org.apache.coyote.AbstractProtocol.init Initializing ProtocolHandler ["http-nio-8080"]
19-Jun-2021 16:40:59.242 INFO [main] org.apache.catalina.startup.Catalina.load Server initialization in [4599] milliseconds
19-Jun-2021 16:40:59.320 INFO [main] org.apache.catalina.core.StandardService.startInternal Starting service [Catalina]
19-Jun-2021 16:40:59.321 INFO [main] org.apache.catalina.core.StandardEngine.startInternal Starting Servlet engine: [Apache Tomcat/9.0.46]
19-Jun-2021 16:40:59.341 INFO [main] org.apache.catalina.startup.HostConfig.deployDirectory Deploying web application directory [C:\Users\GagaN\Desktop\Intern Project\POC2\TCserver\apache-tomcat-9.0.46\webapps\app]
19-Jun-2021 16:41:03.206 INFO [main] org.apache.jasper.servlet.TldScanner.scanJars At least one JAR was scanned for TLDs yet contained no TLDs. Enable debug logging for this logger for a complete list of JARs that were scanned but no TLDs were found in them. Skipping unneeded JARs during scanning can improve startup time and JSP compilation time.
19-Jun-2021 16:41:05.800 WARNING [main] org.apache.catalina.util.SessionIdGeneratorBase.createSecureRandom Creation of SecureRandom instance for session ID generation using [SHA1PRNG] took [2,564] milliseconds.
19-Jun-2021 16:41:05.832 INFO [main] org.apache.catalina.startup.HostConfig.deployDirectory Deployment of web application directory [C:\Users\GagaN\Desktop\Intern Project\POC2\TCserver\apache-tomcat-9.0.46\webapps\app] has finished in [6,490] ms
19-Jun-2021 16:41:05.840 INFO [main] org.apache.coyote.AbstractProtocol.start Starting ProtocolHandler ["http-nio-8080"]
19-Jun-2021 16:41:05.854 INFO [main] org.apache.catalina.startup.Catalina.start Server startup in [6610] milliseconds
19-Jun-2021 16:51:27.810 INFO [main] org.apache.catalina.startup.VersionLoggerListener.log Server version name:   Apache Tomcat/9.0.46
19-Jun-2021 16:51:27.816 INFO [main] org.apache.catalina.startup.VersionLoggerListener.log Server built:          May 8 2021 17:35:52 UTC
19-Jun-2021 16:51:27.817 INFO [main] org.apache.catalina.startup.VersionLoggerListener.log Server version number: 9.0.46.0
19-Jun-2021 16:51:27.868 INFO [main] org.apache.catalina.startup.VersionLoggerListener.log OS Name:               Windows 10
19-Jun-2021 16:51:27.874 INFO [main] org.apache.catalina.startup.VersionLoggerListener.log OS Version:            10.0
19-Jun-2021 16:51:27.875 INFO [main] org.apache.catalina.startup.VersionLoggerListener.log Architecture:          amd64
19-Jun-2021 16:51:27.875 INFO [main] org.apache.catalina.startup.VersionLoggerListener.log Java Home:             C:\Program Files\Java\jdk-12.0.1
19-Jun-2021 16:51:27.876 INFO [main] org.apache.catalina.startup.VersionLoggerListener.log JVM Version:           12.0.1+12
19-Jun-2021 16:51:27.877 INFO [main] org.apache.catalina.startup.VersionLoggerListener.log JVM Vendor:            Oracle Corporation
19-Jun-2021 16:51:27.878 INFO [main] org.apache.catalina.startup.VersionLoggerListener.log CATALINA_BASE:         C:\Users\GagaN\Desktop\Intern Project\POC2\TCserver\apache-tomcat-9.0.46
19-Jun-2021 16:51:27.878 INFO [main] org.apache.catalina.startup.VersionLoggerListener.log CATALINA_HOME:         C:\Users\GagaN\Desktop\Intern Project\POC2\TCserver\apache-tomcat-9.0.46
19-Jun-2021 16:51:27.880 INFO [main] org.apache.catalina.startup.VersionLoggerListener.log Command line argument: --add-opens=java.base/java.lang=ALL-UNNAMED
19-Jun-2021 16:51:27.891 INFO [main] org.apache.catalina.startup.VersionLoggerListener.log Command line argument: --add-opens=java.base/java.io=ALL-UNNAMED
19-Jun-2021 16:51:27.891 INFO [main] org.apache.catalina.startup.VersionLoggerListener.log Command line argument: --add-opens=java.base/java.util=ALL-UNNAMED
19-Jun-2021 16:51:27.893 INFO [main] org.apache.catalina.startup.VersionLoggerListener.log Command line argument: --add-opens=java.base/java.util.concurrent=ALL-UNNAMED
19-Jun-2021 16:51:27.897 INFO [main] org.apache.catalina.startup.VersionLoggerListener.log Command line argument: --add-opens=java.rmi/sun.rmi.transport=ALL-UNNAMED
19-Jun-2021 16:51:27.900 INFO [main] org.apache.catalina.startup.VersionLoggerListener.log Command line argument: -Djava.util.logging.config.file=C:\Users\GagaN\Desktop\Intern Project\POC2\TCserver\apache-tomcat-9.0.46\conf\logging.properties
19-Jun-2021 16:51:27.904 INFO [main] org.apache.catalina.startup.VersionLoggerListener.log Command line argument: -Djava.util.logging.manager=org.apache.juli.ClassLoaderLogManager
19-Jun-2021 16:51:27.910 INFO [main] org.apache.catalina.startup.VersionLoggerListener.log Command line argument: -Djdk.tls.ephemeralDHKeySize=2048
19-Jun-2021 16:51:27.913 INFO [main] org.apache.catalina.startup.VersionLoggerListener.log Command line argument: -Djava.protocol.handler.pkgs=org.apache.catalina.webresources
19-Jun-2021 16:51:27.914 INFO [main] org.apache.catalina.startup.VersionLoggerListener.log Command line argument: -Dignore.endorsed.dirs=
19-Jun-2021 16:51:27.918 INFO [main] org.apache.catalina.startup.VersionLoggerListener.log Command line argument: -Dcatalina.base=C:\Users\GagaN\Desktop\Intern Project\POC2\TCserver\apache-tomcat-9.0.46
19-Jun-2021 16:51:27.923 INFO [main] org.apache.catalina.startup.VersionLoggerListener.log Command line argument: -Dcatalina.home=C:\Users\GagaN\Desktop\Intern Project\POC2\TCserver\apache-tomcat-9.0.46
19-Jun-2021 16:51:27.924 INFO [main] org.apache.catalina.startup.VersionLoggerListener.log Command line argument: -Djava.io.tmpdir=C:\Users\GagaN\Desktop\Intern Project\POC2\TCserver\apache-tomcat-9.0.46\temp
19-Jun-2021 16:51:27.951 INFO [main] org.apache.catalina.core.AprLifecycleListener.lifecycleEvent The Apache Tomcat Native library which allows using OpenSSL was not found on the java.library.path: [C:\Program Files\Java\jdk-12.0.1\bin;C:\WINDOWS\Sun\Java\bin;C:\WINDOWS\system32;C:\WINDOWS;C:\Users\GagaN\AppData\Local\Programs\Python\Python38;"C:\WINDOWS\SYSTEM32;c:\Program Files\java\jdk\bin";C:\Windows;C:\Windows\System32\Wbem;C:\Windows\System32\WindowsPowerShell\v1.0\;C:\WINDOWS\system32;C:\WINDOWS;C:\WINDOWS\System32\Wbem;C:\WINDOWS\System32\WindowsPowerShell\v1.0\;C:\WINDOWS\System32\OpenSSH\;C:\Program Files\Microsoft SQL Server\130\Tools\Binn\;C:\Program Files\PuTTY\;C:\Program Files\NVIDIA Corporation\NVIDIA NvDLISR;C:\Program Files\Java\jdk-12.0.1\bin;C:\Program Files (x86)\NVIDIA Corporation\PhysX\Common;C:\Program Files\Java\jdk-12.0.1;C:\django\webdrivers;C:\MinGW\bin;C:\Users\GagaN\Anaconda3\python.exe;C:\Program Files\nodejs\;C:\ProgramData\chocolatey\bin;C:\Program Files (x86)\Yarn\bin\;C:\Program Files\Git\cmd;C:\WINDOWS\system32;C:\WINDOWS;C:\WINDOWS\System32\Wbem;C:\WINDOWS\System32\WindowsPowerShell\v1.0\;C:\WINDOWS\System32\OpenSSH\;C:\Users\GagaN\Anaconda3;C:\Users\GagaN\Anaconda3\Scripts;C:\Users\GagaN\Anaconda3\Library\bin;C:\Program Files\Docker\Docker\resources\bin;C:\ProgramData\DockerDesktop\version-bin;C:\Users\GagaN\Downloads\Programs\apache-ant-1.10.10;C:\Users\GagaN\Downloads\Programs;C:\django\chromedriver.exe;C:\Users\GagaN\AppData\Local\atom\bin;C:\Users\GagaN\AppData\Roaming\npm;C:\Users\GagaN\AppData\Local\Yarn\bin;C:\Users\GagaN\AppData\Local\Microsoft\WindowsApps;C:\Users\GagaN\AppData\Local\GitHubDesktop\bin;C:\Users\GagaN\Anaconda3;C:\Program Files\JetBrains\IntelliJ IDEA Community Edition 2021.1\bin;;C:\flutter\flutter\bin;C:\Users\GagaN\AppData\Local\Programs\Microsoft VS Code\bin;.]
19-Jun-2021 16:51:28.563 INFO [main] org.apache.coyote.AbstractProtocol.init Initializing ProtocolHandler ["http-nio-8080"]
19-Jun-2021 16:51:31.198 INFO [main] org.apache.catalina.startup.Catalina.load Server initialization in [3630] milliseconds
19-Jun-2021 16:51:31.249 INFO [main] org.apache.catalina.core.StandardService.startInternal Starting service [Catalina]
19-Jun-2021 16:51:31.249 INFO [main] org.apache.catalina.core.StandardEngine.startInternal Starting Servlet engine: [Apache Tomcat/9.0.46]
19-Jun-2021 16:51:31.264 INFO [main] org.apache.catalina.startup.HostConfig.deployDirectory Deploying web application directory [C:\Users\GagaN\Desktop\Intern Project\POC2\TCserver\apache-tomcat-9.0.46\webapps\app]
19-Jun-2021 16:51:34.062 INFO [main] org.apache.jasper.servlet.TldScanner.scanJars At least one JAR was scanned for TLDs yet contained no TLDs. Enable debug logging for this logger for a complete list of JARs that were scanned but no TLDs were found in them. Skipping unneeded JARs during scanning can improve startup time and JSP compilation time.
19-Jun-2021 16:51:36.590 WARNING [main] org.apache.catalina.util.SessionIdGeneratorBase.createSecureRandom Creation of SecureRandom instance for session ID generation using [SHA1PRNG] took [2,499] milliseconds.
19-Jun-2021 16:51:36.618 INFO [main] org.apache.catalina.startup.HostConfig.deployDirectory Deployment of web application directory [C:\Users\GagaN\Desktop\Intern Project\POC2\TCserver\apache-tomcat-9.0.46\webapps\app] has finished in [5,354] ms
19-Jun-2021 16:51:36.626 INFO [main] org.apache.coyote.AbstractProtocol.start Starting ProtocolHandler ["http-nio-8080"]
19-Jun-2021 16:51:36.638 INFO [main] org.apache.catalina.startup.Catalina.start Server startup in [5439] milliseconds
19-Jun-2021 17:03:51.288 INFO [main] org.apache.catalina.startup.VersionLoggerListener.log Server version name:   Apache Tomcat/9.0.46
19-Jun-2021 17:03:51.292 INFO [main] org.apache.catalina.startup.VersionLoggerListener.log Server built:          May 8 2021 17:35:52 UTC
19-Jun-2021 17:03:51.293 INFO [main] org.apache.catalina.startup.VersionLoggerListener.log Server version number: 9.0.46.0
19-Jun-2021 17:03:51.293 INFO [main] org.apache.catalina.startup.VersionLoggerListener.log OS Name:               Windows 10
19-Jun-2021 17:03:51.293 INFO [main] org.apache.catalina.startup.VersionLoggerListener.log OS Version:            10.0
19-Jun-2021 17:03:51.294 INFO [main] org.apache.catalina.startup.VersionLoggerListener.log Architecture:          amd64
19-Jun-2021 17:03:51.294 INFO [main] org.apache.catalina.startup.VersionLoggerListener.log Java Home:             C:\Program Files\Java\jdk-12.0.1
19-Jun-2021 17:03:51.294 INFO [main] org.apache.catalina.startup.VersionLoggerListener.log JVM Version:           12.0.1+12
19-Jun-2021 17:03:51.294 INFO [main] org.apache.catalina.startup.VersionLoggerListener.log JVM Vendor:            Oracle Corporation
19-Jun-2021 17:03:51.295 INFO [main] org.apache.catalina.startup.VersionLoggerListener.log CATALINA_BASE:         C:\Users\GagaN\Desktop\Intern Project\POC2\TCserver\apache-tomcat-9.0.46
19-Jun-2021 17:03:51.295 INFO [main] org.apache.catalina.startup.VersionLoggerListener.log CATALINA_HOME:         C:\Users\GagaN\Desktop\Intern Project\POC2\TCserver\apache-tomcat-9.0.46
19-Jun-2021 17:03:51.311 INFO [main] org.apache.catalina.startup.VersionLoggerListener.log Command line argument: --add-opens=java.base/java.lang=ALL-UNNAMED
19-Jun-2021 17:03:51.311 INFO [main] org.apache.catalina.startup.VersionLoggerListener.log Command line argument: --add-opens=java.base/java.io=ALL-UNNAMED
19-Jun-2021 17:03:51.312 INFO [main] org.apache.catalina.startup.VersionLoggerListener.log Command line argument: --add-opens=java.base/java.util=ALL-UNNAMED
19-Jun-2021 17:03:51.312 INFO [main] org.apache.catalina.startup.VersionLoggerListener.log Command line argument: --add-opens=java.base/java.util.concurrent=ALL-UNNAMED
19-Jun-2021 17:03:51.313 INFO [main] org.apache.catalina.startup.VersionLoggerListener.log Command line argument: --add-opens=java.rmi/sun.rmi.transport=ALL-UNNAMED
19-Jun-2021 17:03:51.313 INFO [main] org.apache.catalina.startup.VersionLoggerListener.log Command line argument: -Djava.util.logging.config.file=C:\Users\GagaN\Desktop\Intern Project\POC2\TCserver\apache-tomcat-9.0.46\conf\logging.properties
19-Jun-2021 17:03:51.315 INFO [main] org.apache.catalina.startup.VersionLoggerListener.log Command line argument: -Djava.util.logging.manager=org.apache.juli.ClassLoaderLogManager
19-Jun-2021 17:03:51.316 INFO [main] org.apache.catalina.startup.VersionLoggerListener.log Command line argument: -Djdk.tls.ephemeralDHKeySize=2048
19-Jun-2021 17:03:51.317 INFO [main] org.apache.catalina.startup.VersionLoggerListener.log Command line argument: -Djava.protocol.handler.pkgs=org.apache.catalina.webresources
19-Jun-2021 17:03:51.317 INFO [main] org.apache.catalina.startup.VersionLoggerListener.log Command line argument: -Dignore.endorsed.dirs=
19-Jun-2021 17:03:51.319 INFO [main] org.apache.catalina.startup.VersionLoggerListener.log Command line argument: -Dcatalina.base=C:\Users\GagaN\Desktop\Intern Project\POC2\TCserver\apache-tomcat-9.0.46
19-Jun-2021 17:03:51.320 INFO [main] org.apache.catalina.startup.VersionLoggerListener.log Command line argument: -Dcatalina.home=C:\Users\GagaN\Desktop\Intern Project\POC2\TCserver\apache-tomcat-9.0.46
19-Jun-2021 17:03:51.320 INFO [main] org.apache.catalina.startup.VersionLoggerListener.log Command line argument: -Djava.io.tmpdir=C:\Users\GagaN\Desktop\Intern Project\POC2\TCserver\apache-tomcat-9.0.46\temp
19-Jun-2021 17:03:51.336 INFO [main] org.apache.catalina.core.AprLifecycleListener.lifecycleEvent The Apache Tomcat Native library which allows using OpenSSL was not found on the java.library.path: [C:\Program Files\Java\jdk-12.0.1\bin;C:\WINDOWS\Sun\Java\bin;C:\WINDOWS\system32;C:\WINDOWS;C:\Users\GagaN\AppData\Local\Programs\Python\Python38;"C:\WINDOWS\SYSTEM32;c:\Program Files\java\jdk\bin";C:\Windows;C:\Windows\System32\Wbem;C:\Windows\System32\WindowsPowerShell\v1.0\;C:\WINDOWS\system32;C:\WINDOWS;C:\WINDOWS\System32\Wbem;C:\WINDOWS\System32\WindowsPowerShell\v1.0\;C:\WINDOWS\System32\OpenSSH\;C:\Program Files\Microsoft SQL Server\130\Tools\Binn\;C:\Program Files\PuTTY\;C:\Program Files\NVIDIA Corporation\NVIDIA NvDLISR;C:\Program Files\Java\jdk-12.0.1\bin;C:\Program Files (x86)\NVIDIA Corporation\PhysX\Common;C:\Program Files\Java\jdk-12.0.1;C:\django\webdrivers;C:\MinGW\bin;C:\Users\GagaN\Anaconda3\python.exe;C:\Program Files\nodejs\;C:\ProgramData\chocolatey\bin;C:\Program Files (x86)\Yarn\bin\;C:\Program Files\Git\cmd;C:\WINDOWS\system32;C:\WINDOWS;C:\WINDOWS\System32\Wbem;C:\WINDOWS\System32\WindowsPowerShell\v1.0\;C:\WINDOWS\System32\OpenSSH\;C:\Users\GagaN\Anaconda3;C:\Users\GagaN\Anaconda3\Scripts;C:\Users\GagaN\Anaconda3\Library\bin;C:\Program Files\Docker\Docker\resources\bin;C:\ProgramData\DockerDesktop\version-bin;C:\Users\GagaN\Downloads\Programs\apache-ant-1.10.10;C:\Users\GagaN\Downloads\Programs;C:\django\chromedriver.exe;C:\Users\GagaN\AppData\Local\atom\bin;C:\Users\GagaN\AppData\Roaming\npm;C:\Users\GagaN\AppData\Local\Yarn\bin;C:\Users\GagaN\AppData\Local\Microsoft\WindowsApps;C:\Users\GagaN\AppData\Local\GitHubDesktop\bin;C:\Users\GagaN\Anaconda3;C:\Program Files\JetBrains\IntelliJ IDEA Community Edition 2021.1\bin;;C:\flutter\flutter\bin;C:\Users\GagaN\AppData\Local\Programs\Microsoft VS Code\bin;.]
19-Jun-2021 17:03:51.844 INFO [main] org.apache.coyote.AbstractProtocol.init Initializing ProtocolHandler ["http-nio-8080"]
19-Jun-2021 17:03:54.500 INFO [main] org.apache.catalina.startup.Catalina.load Server initialization in [3445] milliseconds
19-Jun-2021 17:03:54.550 INFO [main] org.apache.catalina.core.StandardService.startInternal Starting service [Catalina]
19-Jun-2021 17:03:54.551 INFO [main] org.apache.catalina.core.StandardEngine.startInternal Starting Servlet engine: [Apache Tomcat/9.0.46]
19-Jun-2021 17:03:54.565 INFO [main] org.apache.catalina.startup.HostConfig.deployDirectory Deploying web application directory [C:\Users\GagaN\Desktop\Intern Project\POC2\TCserver\apache-tomcat-9.0.46\webapps\app]
19-Jun-2021 17:03:57.312 INFO [main] org.apache.jasper.servlet.TldScanner.scanJars At least one JAR was scanned for TLDs yet contained no TLDs. Enable debug logging for this logger for a complete list of JARs that were scanned but no TLDs were found in them. Skipping unneeded JARs during scanning can improve startup time and JSP compilation time.
19-Jun-2021 17:03:59.935 WARNING [main] org.apache.catalina.util.SessionIdGeneratorBase.createSecureRandom Creation of SecureRandom instance for session ID generation using [SHA1PRNG] took [2,596] milliseconds.
19-Jun-2021 17:03:59.962 INFO [main] org.apache.catalina.startup.HostConfig.deployDirectory Deployment of web application directory [C:\Users\GagaN\Desktop\Intern Project\POC2\TCserver\apache-tomcat-9.0.46\webapps\app] has finished in [5,397] ms
19-Jun-2021 17:03:59.969 INFO [main] org.apache.coyote.AbstractProtocol.start Starting ProtocolHandler ["http-nio-8080"]
19-Jun-2021 17:03:59.981 INFO [main] org.apache.catalina.startup.Catalina.start Server startup in [5481] milliseconds
19-Jun-2021 17:05:39.262 INFO [main] org.apache.catalina.startup.VersionLoggerListener.log Server version name:   Apache Tomcat/9.0.46
19-Jun-2021 17:05:54.818 INFO [main] org.apache.catalina.startup.VersionLoggerListener.log Server version name:   Apache Tomcat/9.0.46
19-Jun-2021 17:05:54.821 INFO [main] org.apache.catalina.startup.VersionLoggerListener.log Server built:          May 8 2021 17:35:52 UTC
19-Jun-2021 17:05:54.822 INFO [main] org.apache.catalina.startup.VersionLoggerListener.log Server version number: 9.0.46.0
19-Jun-2021 17:05:54.822 INFO [main] org.apache.catalina.startup.VersionLoggerListener.log OS Name:               Windows 10
19-Jun-2021 17:05:54.822 INFO [main] org.apache.catalina.startup.VersionLoggerListener.log OS Version:            10.0
19-Jun-2021 17:05:54.823 INFO [main] org.apache.catalina.startup.VersionLoggerListener.log Architecture:          amd64
19-Jun-2021 17:05:54.823 INFO [main] org.apache.catalina.startup.VersionLoggerListener.log Java Home:             C:\Program Files\Java\jdk-12.0.1
19-Jun-2021 17:05:54.823 INFO [main] org.apache.catalina.startup.VersionLoggerListener.log JVM Version:           12.0.1+12
19-Jun-2021 17:05:54.823 INFO [main] org.apache.catalina.startup.VersionLoggerListener.log JVM Vendor:            Oracle Corporation
19-Jun-2021 17:05:54.824 INFO [main] org.apache.catalina.startup.VersionLoggerListener.log CATALINA_BASE:         C:\Users\GagaN\Desktop\Intern Project\POC2\TCserver\apache-tomcat-9.0.46
19-Jun-2021 17:05:54.824 INFO [main] org.apache.catalina.startup.VersionLoggerListener.log CATALINA_HOME:         C:\Users\GagaN\Desktop\Intern Project\POC2\TCserver\apache-tomcat-9.0.46
19-Jun-2021 17:05:54.841 INFO [main] org.apache.catalina.startup.VersionLoggerListener.log Command line argument: --add-opens=java.base/java.lang=ALL-UNNAMED
19-Jun-2021 17:05:54.842 INFO [main] org.apache.catalina.startup.VersionLoggerListener.log Command line argument: --add-opens=java.base/java.io=ALL-UNNAMED
19-Jun-2021 17:05:54.842 INFO [main] org.apache.catalina.startup.VersionLoggerListener.log Command line argument: --add-opens=java.base/java.util=ALL-UNNAMED
19-Jun-2021 17:05:54.843 INFO [main] org.apache.catalina.startup.VersionLoggerListener.log Command line argument: --add-opens=java.base/java.util.concurrent=ALL-UNNAMED
19-Jun-2021 17:05:54.843 INFO [main] org.apache.catalina.startup.VersionLoggerListener.log Command line argument: --add-opens=java.rmi/sun.rmi.transport=ALL-UNNAMED
19-Jun-2021 17:05:54.844 INFO [main] org.apache.catalina.startup.VersionLoggerListener.log Command line argument: -Djava.util.logging.config.file=C:\Users\GagaN\Desktop\Intern Project\POC2\TCserver\apache-tomcat-9.0.46\conf\logging.properties
19-Jun-2021 17:05:54.845 INFO [main] org.apache.catalina.startup.VersionLoggerListener.log Command line argument: -Djava.util.logging.manager=org.apache.juli.ClassLoaderLogManager
19-Jun-2021 17:05:54.845 INFO [main] org.apache.catalina.startup.VersionLoggerListener.log Command line argument: -Djdk.tls.ephemeralDHKeySize=2048
19-Jun-2021 17:05:54.846 INFO [main] org.apache.catalina.startup.VersionLoggerListener.log Command line argument: -Djava.protocol.handler.pkgs=org.apache.catalina.webresources
19-Jun-2021 17:05:54.847 INFO [main] org.apache.catalina.startup.VersionLoggerListener.log Command line argument: -Dignore.endorsed.dirs=
19-Jun-2021 17:05:54.850 INFO [main] org.apache.catalina.startup.VersionLoggerListener.log Command line argument: -Dcatalina.base=C:\Users\GagaN\Desktop\Intern Project\POC2\TCserver\apache-tomcat-9.0.46
19-Jun-2021 17:05:54.852 INFO [main] org.apache.catalina.startup.VersionLoggerListener.log Command line argument: -Dcatalina.home=C:\Users\GagaN\Desktop\Intern Project\POC2\TCserver\apache-tomcat-9.0.46
19-Jun-2021 17:05:54.852 INFO [main] org.apache.catalina.startup.VersionLoggerListener.log Command line argument: -Djava.io.tmpdir=C:\Users\GagaN\Desktop\Intern Project\POC2\TCserver\apache-tomcat-9.0.46\temp
19-Jun-2021 17:05:54.869 INFO [main] org.apache.catalina.core.AprLifecycleListener.lifecycleEvent The Apache Tomcat Native library which allows using OpenSSL was not found on the java.library.path: [C:\Program Files\Java\jdk-12.0.1\bin;C:\WINDOWS\Sun\Java\bin;C:\WINDOWS\system32;C:\WINDOWS;C:\Users\GagaN\AppData\Local\Programs\Python\Python38;"C:\WINDOWS\SYSTEM32;c:\Program Files\java\jdk\bin";C:\Windows;C:\Windows\System32\Wbem;C:\Windows\System32\WindowsPowerShell\v1.0\;C:\WINDOWS\system32;C:\WINDOWS;C:\WINDOWS\System32\Wbem;C:\WINDOWS\System32\WindowsPowerShell\v1.0\;C:\WINDOWS\System32\OpenSSH\;C:\Program Files\Microsoft SQL Server\130\Tools\Binn\;C:\Program Files\PuTTY\;C:\Program Files\NVIDIA Corporation\NVIDIA NvDLISR;C:\Program Files\Java\jdk-12.0.1\bin;C:\Program Files (x86)\NVIDIA Corporation\PhysX\Common;C:\Program Files\Java\jdk-12.0.1;C:\django\webdrivers;C:\MinGW\bin;C:\Users\GagaN\Anaconda3\python.exe;C:\Program Files\nodejs\;C:\ProgramData\chocolatey\bin;C:\Program Files (x86)\Yarn\bin\;C:\Program Files\Git\cmd;C:\WINDOWS\system32;C:\WINDOWS;C:\WINDOWS\System32\Wbem;C:\WINDOWS\System32\WindowsPowerShell\v1.0\;C:\WINDOWS\System32\OpenSSH\;C:\Users\GagaN\Anaconda3;C:\Users\GagaN\Anaconda3\Scripts;C:\Users\GagaN\Anaconda3\Library\bin;C:\Program Files\Docker\Docker\resources\bin;C:\ProgramData\DockerDesktop\version-bin;C:\Users\GagaN\Downloads\Programs\apache-ant-1.10.10;C:\Users\GagaN\Downloads\Programs;C:\django\chromedriver.exe;C:\Users\GagaN\AppData\Local\atom\bin;C:\Users\GagaN\AppData\Roaming\npm;C:\Users\GagaN\AppData\Local\Yarn\bin;C:\Users\GagaN\AppData\Local\Microsoft\WindowsApps;C:\Users\GagaN\AppData\Local\GitHubDesktop\bin;C:\Users\GagaN\Anaconda3;C:\Program Files\JetBrains\IntelliJ IDEA Community Edition 2021.1\bin;;C:\flutter\flutter\bin;C:\Users\GagaN\AppData\Local\Programs\Microsoft VS Code\bin;.]
19-Jun-2021 17:05:55.364 INFO [main] org.apache.coyote.AbstractProtocol.init Initializing ProtocolHandler ["http-nio-8080"]
19-Jun-2021 17:05:58.048 INFO [main] org.apache.catalina.startup.Catalina.load Server initialization in [3468] milliseconds
19-Jun-2021 17:05:58.105 INFO [main] org.apache.catalina.core.StandardService.startInternal Starting service [Catalina]
19-Jun-2021 17:05:58.105 INFO [main] org.apache.catalina.core.StandardEngine.startInternal Starting Servlet engine: [Apache Tomcat/9.0.46]
19-Jun-2021 17:05:58.124 INFO [main] org.apache.catalina.startup.HostConfig.deployDirectory Deploying web application directory [C:\Users\GagaN\Desktop\Intern Project\POC2\TCserver\apache-tomcat-9.0.46\webapps\app]
19-Jun-2021 17:06:00.903 INFO [main] org.apache.jasper.servlet.TldScanner.scanJars At least one JAR was scanned for TLDs yet contained no TLDs. Enable debug logging for this logger for a complete list of JARs that were scanned but no TLDs were found in them. Skipping unneeded JARs during scanning can improve startup time and JSP compilation time.
19-Jun-2021 17:06:03.718 WARNING [main] org.apache.catalina.util.SessionIdGeneratorBase.createSecureRandom Creation of SecureRandom instance for session ID generation using [SHA1PRNG] took [2,790] milliseconds.
19-Jun-2021 17:06:03.750 INFO [main] org.apache.catalina.startup.HostConfig.deployDirectory Deployment of web application directory [C:\Users\GagaN\Desktop\Intern Project\POC2\TCserver\apache-tomcat-9.0.46\webapps\app] has finished in [5,626] ms
19-Jun-2021 17:06:03.757 INFO [main] org.apache.coyote.AbstractProtocol.start Starting ProtocolHandler ["http-nio-8080"]
19-Jun-2021 17:06:03.769 INFO [main] org.apache.catalina.startup.Catalina.start Server startup in [5720] milliseconds
19-Jun-2021 17:24:41.305 INFO [main] org.apache.catalina.startup.VersionLoggerListener.log Server version name:   Apache Tomcat/9.0.46
19-Jun-2021 17:24:41.309 INFO [main] org.apache.catalina.startup.VersionLoggerListener.log Server built:          May 8 2021 17:35:52 UTC
19-Jun-2021 17:24:41.309 INFO [main] org.apache.catalina.startup.VersionLoggerListener.log Server version number: 9.0.46.0
19-Jun-2021 17:24:41.309 INFO [main] org.apache.catalina.startup.VersionLoggerListener.log OS Name:               Windows 10
19-Jun-2021 17:24:41.310 INFO [main] org.apache.catalina.startup.VersionLoggerListener.log OS Version:            10.0
19-Jun-2021 17:24:41.310 INFO [main] org.apache.catalina.startup.VersionLoggerListener.log Architecture:          amd64
19-Jun-2021 17:24:41.310 INFO [main] org.apache.catalina.startup.VersionLoggerListener.log Java Home:             C:\Program Files\Java\jdk-12.0.1
19-Jun-2021 17:24:41.311 INFO [main] org.apache.catalina.startup.VersionLoggerListener.log JVM Version:           12.0.1+12
19-Jun-2021 17:24:41.311 INFO [main] org.apache.catalina.startup.VersionLoggerListener.log JVM Vendor:            Oracle Corporation
19-Jun-2021 17:24:41.311 INFO [main] org.apache.catalina.startup.VersionLoggerListener.log CATALINA_BASE:         C:\Users\GagaN\Desktop\Intern Project\POC2\TCserver\apache-tomcat-9.0.46
19-Jun-2021 17:24:41.312 INFO [main] org.apache.catalina.startup.VersionLoggerListener.log CATALINA_HOME:         C:\Users\GagaN\Desktop\Intern Project\POC2\TCserver\apache-tomcat-9.0.46
19-Jun-2021 17:24:41.330 INFO [main] org.apache.catalina.startup.VersionLoggerListener.log Command line argument: --add-opens=java.base/java.lang=ALL-UNNAMED
19-Jun-2021 17:24:41.331 INFO [main] org.apache.catalina.startup.VersionLoggerListener.log Command line argument: --add-opens=java.base/java.io=ALL-UNNAMED
19-Jun-2021 17:24:41.331 INFO [main] org.apache.catalina.startup.VersionLoggerListener.log Command line argument: --add-opens=java.base/java.util=ALL-UNNAMED
19-Jun-2021 17:24:41.332 INFO [main] org.apache.catalina.startup.VersionLoggerListener.log Command line argument: --add-opens=java.base/java.util.concurrent=ALL-UNNAMED
19-Jun-2021 17:24:41.332 INFO [main] org.apache.catalina.startup.VersionLoggerListener.log Command line argument: --add-opens=java.rmi/sun.rmi.transport=ALL-UNNAMED
19-Jun-2021 17:24:41.333 INFO [main] org.apache.catalina.startup.VersionLoggerListener.log Command line argument: -Djava.util.logging.config.file=C:\Users\GagaN\Desktop\Intern Project\POC2\TCserver\apache-tomcat-9.0.46\conf\logging.properties
19-Jun-2021 17:24:41.334 INFO [main] org.apache.catalina.startup.VersionLoggerListener.log Command line argument: -Djava.util.logging.manager=org.apache.juli.ClassLoaderLogManager
19-Jun-2021 17:24:41.337 INFO [main] org.apache.catalina.startup.VersionLoggerListener.log Command line argument: -Djdk.tls.ephemeralDHKeySize=2048
19-Jun-2021 17:24:41.337 INFO [main] org.apache.catalina.startup.VersionLoggerListener.log Command line argument: -Djava.protocol.handler.pkgs=org.apache.catalina.webresources
19-Jun-2021 17:24:41.339 INFO [main] org.apache.catalina.startup.VersionLoggerListener.log Command line argument: -Dignore.endorsed.dirs=
19-Jun-2021 17:24:41.340 INFO [main] org.apache.catalina.startup.VersionLoggerListener.log Command line argument: -Dcatalina.base=C:\Users\GagaN\Desktop\Intern Project\POC2\TCserver\apache-tomcat-9.0.46
19-Jun-2021 17:24:41.340 INFO [main] org.apache.catalina.startup.VersionLoggerListener.log Command line argument: -Dcatalina.home=C:\Users\GagaN\Desktop\Intern Project\POC2\TCserver\apache-tomcat-9.0.46
19-Jun-2021 17:24:41.341 INFO [main] org.apache.catalina.startup.VersionLoggerListener.log Command line argument: -Djava.io.tmpdir=C:\Users\GagaN\Desktop\Intern Project\POC2\TCserver\apache-tomcat-9.0.46\temp
19-Jun-2021 17:24:41.360 INFO [main] org.apache.catalina.core.AprLifecycleListener.lifecycleEvent The Apache Tomcat Native library which allows using OpenSSL was not found on the java.library.path: [C:\Program Files\Java\jdk-12.0.1\bin;C:\WINDOWS\Sun\Java\bin;C:\WINDOWS\system32;C:\WINDOWS;C:\Users\GagaN\AppData\Local\Programs\Python\Python38;"C:\WINDOWS\SYSTEM32;c:\Program Files\java\jdk\bin";C:\Windows;C:\Windows\System32\Wbem;C:\Windows\System32\WindowsPowerShell\v1.0\;C:\WINDOWS\system32;C:\WINDOWS;C:\WINDOWS\System32\Wbem;C:\WINDOWS\System32\WindowsPowerShell\v1.0\;C:\WINDOWS\System32\OpenSSH\;C:\Program Files\Microsoft SQL Server\130\Tools\Binn\;C:\Program Files\PuTTY\;C:\Program Files\NVIDIA Corporation\NVIDIA NvDLISR;C:\Program Files\Java\jdk-12.0.1\bin;C:\Program Files (x86)\NVIDIA Corporation\PhysX\Common;C:\Program Files\Java\jdk-12.0.1;C:\django\webdrivers;C:\MinGW\bin;C:\Users\GagaN\Anaconda3\python.exe;C:\Program Files\nodejs\;C:\ProgramData\chocolatey\bin;C:\Program Files (x86)\Yarn\bin\;C:\Program Files\Git\cmd;C:\WINDOWS\system32;C:\WINDOWS;C:\WINDOWS\System32\Wbem;C:\WINDOWS\System32\WindowsPowerShell\v1.0\;C:\WINDOWS\System32\OpenSSH\;C:\Users\GagaN\Anaconda3;C:\Users\GagaN\Anaconda3\Scripts;C:\Users\GagaN\Anaconda3\Library\bin;C:\Program Files\Docker\Docker\resources\bin;C:\ProgramData\DockerDesktop\version-bin;C:\Users\GagaN\Downloads\Programs\apache-ant-1.10.10;C:\Users\GagaN\Downloads\Programs;C:\django\chromedriver.exe;C:\Users\GagaN\AppData\Local\atom\bin;C:\Users\GagaN\AppData\Roaming\npm;C:\Users\GagaN\AppData\Local\Yarn\bin;C:\Users\GagaN\AppData\Local\Microsoft\WindowsApps;C:\Users\GagaN\AppData\Local\GitHubDesktop\bin;C:\Users\GagaN\Anaconda3;C:\Program Files\JetBrains\IntelliJ IDEA Community Edition 2021.1\bin;;C:\flutter\flutter\bin;C:\Users\GagaN\AppData\Local\Programs\Microsoft VS Code\bin;.]
19-Jun-2021 17:24:41.921 INFO [main] org.apache.coyote.AbstractProtocol.init Initializing ProtocolHandler ["http-nio-8080"]
19-Jun-2021 17:24:44.737 INFO [main] org.apache.catalina.startup.Catalina.load Server initialization in [3693] milliseconds
19-Jun-2021 17:24:44.790 INFO [main] org.apache.catalina.core.StandardService.startInternal Starting service [Catalina]
19-Jun-2021 17:24:44.791 INFO [main] org.apache.catalina.core.StandardEngine.startInternal Starting Servlet engine: [Apache Tomcat/9.0.46]
19-Jun-2021 17:24:44.807 INFO [main] org.apache.catalina.startup.HostConfig.deployDirectory Deploying web application directory [C:\Users\GagaN\Desktop\Intern Project\POC2\TCserver\apache-tomcat-9.0.46\webapps\app]
19-Jun-2021 17:24:47.577 INFO [main] org.apache.jasper.servlet.TldScanner.scanJars At least one JAR was scanned for TLDs yet contained no TLDs. Enable debug logging for this logger for a complete list of JARs that were scanned but no TLDs were found in them. Skipping unneeded JARs during scanning can improve startup time and JSP compilation time.
19-Jun-2021 17:24:50.231 WARNING [main] org.apache.catalina.util.SessionIdGeneratorBase.createSecureRandom Creation of SecureRandom instance for session ID generation using [SHA1PRNG] took [2,628] milliseconds.
19-Jun-2021 17:24:50.258 INFO [main] org.apache.catalina.startup.HostConfig.deployDirectory Deployment of web application directory [C:\Users\GagaN\Desktop\Intern Project\POC2\TCserver\apache-tomcat-9.0.46\webapps\app] has finished in [5,451] ms
19-Jun-2021 17:24:50.264 INFO [main] org.apache.coyote.AbstractProtocol.start Starting ProtocolHandler ["http-nio-8080"]
19-Jun-2021 17:24:50.278 INFO [main] org.apache.catalina.startup.Catalina.start Server startup in [5540] milliseconds
19-Jun-2021 17:30:00.786 INFO [main] org.apache.catalina.startup.VersionLoggerListener.log Server version name:   Apache Tomcat/9.0.46
19-Jun-2021 17:30:00.790 INFO [main] org.apache.catalina.startup.VersionLoggerListener.log Server built:          May 8 2021 17:35:52 UTC
19-Jun-2021 17:30:00.791 INFO [main] org.apache.catalina.startup.VersionLoggerListener.log Server version number: 9.0.46.0
19-Jun-2021 17:30:00.791 INFO [main] org.apache.catalina.startup.VersionLoggerListener.log OS Name:               Windows 10
19-Jun-2021 17:30:00.791 INFO [main] org.apache.catalina.startup.VersionLoggerListener.log OS Version:            10.0
19-Jun-2021 17:30:00.792 INFO [main] org.apache.catalina.startup.VersionLoggerListener.log Architecture:          amd64
19-Jun-2021 17:30:00.792 INFO [main] org.apache.catalina.startup.VersionLoggerListener.log Java Home:             C:\Program Files\Java\jdk-12.0.1
19-Jun-2021 17:30:00.792 INFO [main] org.apache.catalina.startup.VersionLoggerListener.log JVM Version:           12.0.1+12
19-Jun-2021 17:30:00.792 INFO [main] org.apache.catalina.startup.VersionLoggerListener.log JVM Vendor:            Oracle Corporation
19-Jun-2021 17:30:00.793 INFO [main] org.apache.catalina.startup.VersionLoggerListener.log CATALINA_BASE:         C:\Users\GagaN\Desktop\Intern Project\POC2\TCserver\apache-tomcat-9.0.46
19-Jun-2021 17:30:00.793 INFO [main] org.apache.catalina.startup.VersionLoggerListener.log CATALINA_HOME:         C:\Users\GagaN\Desktop\Intern Project\POC2\TCserver\apache-tomcat-9.0.46
19-Jun-2021 17:30:00.810 INFO [main] org.apache.catalina.startup.VersionLoggerListener.log Command line argument: --add-opens=java.base/java.lang=ALL-UNNAMED
19-Jun-2021 17:30:00.810 INFO [main] org.apache.catalina.startup.VersionLoggerListener.log Command line argument: --add-opens=java.base/java.io=ALL-UNNAMED
19-Jun-2021 17:30:00.811 INFO [main] org.apache.catalina.startup.VersionLoggerListener.log Command line argument: --add-opens=java.base/java.util=ALL-UNNAMED
19-Jun-2021 17:30:00.812 INFO [main] org.apache.catalina.startup.VersionLoggerListener.log Command line argument: --add-opens=java.base/java.util.concurrent=ALL-UNNAMED
19-Jun-2021 17:30:00.812 INFO [main] org.apache.catalina.startup.VersionLoggerListener.log Command line argument: --add-opens=java.rmi/sun.rmi.transport=ALL-UNNAMED
19-Jun-2021 17:30:00.813 INFO [main] org.apache.catalina.startup.VersionLoggerListener.log Command line argument: -Djava.util.logging.config.file=C:\Users\GagaN\Desktop\Intern Project\POC2\TCserver\apache-tomcat-9.0.46\conf\logging.properties
19-Jun-2021 17:30:00.814 INFO [main] org.apache.catalina.startup.VersionLoggerListener.log Command line argument: -Djava.util.logging.manager=org.apache.juli.ClassLoaderLogManager
19-Jun-2021 17:30:00.814 INFO [main] org.apache.catalina.startup.VersionLoggerListener.log Command line argument: -Djdk.tls.ephemeralDHKeySize=2048
19-Jun-2021 17:30:00.815 INFO [main] org.apache.catalina.startup.VersionLoggerListener.log Command line argument: -Djava.protocol.handler.pkgs=org.apache.catalina.webresources
19-Jun-2021 17:30:00.816 INFO [main] org.apache.catalina.startup.VersionLoggerListener.log Command line argument: -Dignore.endorsed.dirs=
19-Jun-2021 17:30:00.816 INFO [main] org.apache.catalina.startup.VersionLoggerListener.log Command line argument: -Dcatalina.base=C:\Users\GagaN\Desktop\Intern Project\POC2\TCserver\apache-tomcat-9.0.46
19-Jun-2021 17:30:00.817 INFO [main] org.apache.catalina.startup.VersionLoggerListener.log Command line argument: -Dcatalina.home=C:\Users\GagaN\Desktop\Intern Project\POC2\TCserver\apache-tomcat-9.0.46
19-Jun-2021 17:30:00.818 INFO [main] org.apache.catalina.startup.VersionLoggerListener.log Command line argument: -Djava.io.tmpdir=C:\Users\GagaN\Desktop\Intern Project\POC2\TCserver\apache-tomcat-9.0.46\temp
19-Jun-2021 17:30:00.837 INFO [main] org.apache.catalina.core.AprLifecycleListener.lifecycleEvent The Apache Tomcat Native library which allows using OpenSSL was not found on the java.library.path: [C:\Program Files\Java\jdk-12.0.1\bin;C:\WINDOWS\Sun\Java\bin;C:\WINDOWS\system32;C:\WINDOWS;C:\Users\GagaN\AppData\Local\Programs\Python\Python38;"C:\WINDOWS\SYSTEM32;c:\Program Files\java\jdk\bin";C:\Windows;C:\Windows\System32\Wbem;C:\Windows\System32\WindowsPowerShell\v1.0\;C:\WINDOWS\system32;C:\WINDOWS;C:\WINDOWS\System32\Wbem;C:\WINDOWS\System32\WindowsPowerShell\v1.0\;C:\WINDOWS\System32\OpenSSH\;C:\Program Files\Microsoft SQL Server\130\Tools\Binn\;C:\Program Files\PuTTY\;C:\Program Files\NVIDIA Corporation\NVIDIA NvDLISR;C:\Program Files\Java\jdk-12.0.1\bin;C:\Program Files (x86)\NVIDIA Corporation\PhysX\Common;C:\Program Files\Java\jdk-12.0.1;C:\django\webdrivers;C:\MinGW\bin;C:\Users\GagaN\Anaconda3\python.exe;C:\Program Files\nodejs\;C:\ProgramData\chocolatey\bin;C:\Program Files (x86)\Yarn\bin\;C:\Program Files\Git\cmd;C:\WINDOWS\system32;C:\WINDOWS;C:\WINDOWS\System32\Wbem;C:\WINDOWS\System32\WindowsPowerShell\v1.0\;C:\WINDOWS\System32\OpenSSH\;C:\Users\GagaN\Anaconda3;C:\Users\GagaN\Anaconda3\Scripts;C:\Users\GagaN\Anaconda3\Library\bin;C:\Program Files\Docker\Docker\resources\bin;C:\ProgramData\DockerDesktop\version-bin;C:\Users\GagaN\Downloads\Programs\apache-ant-1.10.10;C:\Users\GagaN\Downloads\Programs;C:\django\chromedriver.exe;C:\Users\GagaN\AppData\Local\atom\bin;C:\Users\GagaN\AppData\Roaming\npm;C:\Users\GagaN\AppData\Local\Yarn\bin;C:\Users\GagaN\AppData\Local\Microsoft\WindowsApps;C:\Users\GagaN\AppData\Local\GitHubDesktop\bin;C:\Users\GagaN\Anaconda3;C:\Program Files\JetBrains\IntelliJ IDEA Community Edition 2021.1\bin;;C:\flutter\flutter\bin;C:\Users\GagaN\AppData\Local\Programs\Microsoft VS Code\bin;.]
19-Jun-2021 17:30:01.318 INFO [main] org.apache.coyote.AbstractProtocol.init Initializing ProtocolHandler ["http-nio-8080"]
19-Jun-2021 17:30:04.074 INFO [main] org.apache.catalina.startup.Catalina.load Server initialization in [3516] milliseconds
19-Jun-2021 17:30:04.136 INFO [main] org.apache.catalina.core.StandardService.startInternal Starting service [Catalina]
19-Jun-2021 17:30:04.137 INFO [main] org.apache.catalina.core.StandardEngine.startInternal Starting Servlet engine: [Apache Tomcat/9.0.46]
19-Jun-2021 17:30:04.151 INFO [main] org.apache.catalina.startup.HostConfig.deployDirectory Deploying web application directory [C:\Users\GagaN\Desktop\Intern Project\POC2\TCserver\apache-tomcat-9.0.46\webapps\app]
19-Jun-2021 17:30:07.318 INFO [main] org.apache.jasper.servlet.TldScanner.scanJars At least one JAR was scanned for TLDs yet contained no TLDs. Enable debug logging for this logger for a complete list of JARs that were scanned but no TLDs were found in them. Skipping unneeded JARs during scanning can improve startup time and JSP compilation time.
19-Jun-2021 17:30:10.127 WARNING [main] org.apache.catalina.util.SessionIdGeneratorBase.createSecureRandom Creation of SecureRandom instance for session ID generation using [SHA1PRNG] took [2,781] milliseconds.
19-Jun-2021 17:30:10.157 INFO [main] org.apache.catalina.startup.HostConfig.deployDirectory Deployment of web application directory [C:\Users\GagaN\Desktop\Intern Project\POC2\TCserver\apache-tomcat-9.0.46\webapps\app] has finished in [6,006] ms
19-Jun-2021 17:30:10.166 INFO [main] org.apache.coyote.AbstractProtocol.start Starting ProtocolHandler ["http-nio-8080"]
19-Jun-2021 17:30:10.178 INFO [main] org.apache.catalina.startup.Catalina.start Server startup in [6104] milliseconds
19-Jun-2021 17:34:41.934 INFO [main] org.apache.catalina.startup.VersionLoggerListener.log Server version name:   Apache Tomcat/9.0.46
19-Jun-2021 17:34:41.938 INFO [main] org.apache.catalina.startup.VersionLoggerListener.log Server built:          May 8 2021 17:35:52 UTC
19-Jun-2021 17:34:41.938 INFO [main] org.apache.catalina.startup.VersionLoggerListener.log Server version number: 9.0.46.0
19-Jun-2021 17:34:41.939 INFO [main] org.apache.catalina.startup.VersionLoggerListener.log OS Name:               Windows 10
19-Jun-2021 17:34:41.939 INFO [main] org.apache.catalina.startup.VersionLoggerListener.log OS Version:            10.0
19-Jun-2021 17:34:41.940 INFO [main] org.apache.catalina.startup.VersionLoggerListener.log Architecture:          amd64
19-Jun-2021 17:34:41.940 INFO [main] org.apache.catalina.startup.VersionLoggerListener.log Java Home:             C:\Program Files\Java\jdk-12.0.1
19-Jun-2021 17:34:41.940 INFO [main] org.apache.catalina.startup.VersionLoggerListener.log JVM Version:           12.0.1+12
19-Jun-2021 17:34:41.941 INFO [main] org.apache.catalina.startup.VersionLoggerListener.log JVM Vendor:            Oracle Corporation
19-Jun-2021 17:34:41.941 INFO [main] org.apache.catalina.startup.VersionLoggerListener.log CATALINA_BASE:         C:\Users\GagaN\Desktop\Intern Project\POC2\TCserver\apache-tomcat-9.0.46
19-Jun-2021 17:34:41.941 INFO [main] org.apache.catalina.startup.VersionLoggerListener.log CATALINA_HOME:         C:\Users\GagaN\Desktop\Intern Project\POC2\TCserver\apache-tomcat-9.0.46
19-Jun-2021 17:34:41.958 INFO [main] org.apache.catalina.startup.VersionLoggerListener.log Command line argument: --add-opens=java.base/java.lang=ALL-UNNAMED
19-Jun-2021 17:34:41.958 INFO [main] org.apache.catalina.startup.VersionLoggerListener.log Command line argument: --add-opens=java.base/java.io=ALL-UNNAMED
19-Jun-2021 17:34:41.959 INFO [main] org.apache.catalina.startup.VersionLoggerListener.log Command line argument: --add-opens=java.base/java.util=ALL-UNNAMED
19-Jun-2021 17:34:41.959 INFO [main] org.apache.catalina.startup.VersionLoggerListener.log Command line argument: --add-opens=java.base/java.util.concurrent=ALL-UNNAMED
19-Jun-2021 17:34:41.960 INFO [main] org.apache.catalina.startup.VersionLoggerListener.log Command line argument: --add-opens=java.rmi/sun.rmi.transport=ALL-UNNAMED
19-Jun-2021 17:34:41.961 INFO [main] org.apache.catalina.startup.VersionLoggerListener.log Command line argument: -Djava.util.logging.config.file=C:\Users\GagaN\Desktop\Intern Project\POC2\TCserver\apache-tomcat-9.0.46\conf\logging.properties
19-Jun-2021 17:34:41.962 INFO [main] org.apache.catalina.startup.VersionLoggerListener.log Command line argument: -Djava.util.logging.manager=org.apache.juli.ClassLoaderLogManager
19-Jun-2021 17:34:41.962 INFO [main] org.apache.catalina.startup.VersionLoggerListener.log Command line argument: -Djdk.tls.ephemeralDHKeySize=2048
19-Jun-2021 17:34:41.963 INFO [main] org.apache.catalina.startup.VersionLoggerListener.log Command line argument: -Djava.protocol.handler.pkgs=org.apache.catalina.webresources
19-Jun-2021 17:34:41.964 INFO [main] org.apache.catalina.startup.VersionLoggerListener.log Command line argument: -Dignore.endorsed.dirs=
19-Jun-2021 17:34:41.964 INFO [main] org.apache.catalina.startup.VersionLoggerListener.log Command line argument: -Dcatalina.base=C:\Users\GagaN\Desktop\Intern Project\POC2\TCserver\apache-tomcat-9.0.46
19-Jun-2021 17:34:41.965 INFO [main] org.apache.catalina.startup.VersionLoggerListener.log Command line argument: -Dcatalina.home=C:\Users\GagaN\Desktop\Intern Project\POC2\TCserver\apache-tomcat-9.0.46
19-Jun-2021 17:34:41.965 INFO [main] org.apache.catalina.startup.VersionLoggerListener.log Command line argument: -Djava.io.tmpdir=C:\Users\GagaN\Desktop\Intern Project\POC2\TCserver\apache-tomcat-9.0.46\temp
19-Jun-2021 17:34:41.982 INFO [main] org.apache.catalina.core.AprLifecycleListener.lifecycleEvent The Apache Tomcat Native library which allows using OpenSSL was not found on the java.library.path: [C:\Program Files\Java\jdk-12.0.1\bin;C:\WINDOWS\Sun\Java\bin;C:\WINDOWS\system32;C:\WINDOWS;C:\Users\GagaN\AppData\Local\Programs\Python\Python38;"C:\WINDOWS\SYSTEM32;c:\Program Files\java\jdk\bin";C:\Windows;C:\Windows\System32\Wbem;C:\Windows\System32\WindowsPowerShell\v1.0\;C:\WINDOWS\system32;C:\WINDOWS;C:\WINDOWS\System32\Wbem;C:\WINDOWS\System32\WindowsPowerShell\v1.0\;C:\WINDOWS\System32\OpenSSH\;C:\Program Files\Microsoft SQL Server\130\Tools\Binn\;C:\Program Files\PuTTY\;C:\Program Files\NVIDIA Corporation\NVIDIA NvDLISR;C:\Program Files\Java\jdk-12.0.1\bin;C:\Program Files (x86)\NVIDIA Corporation\PhysX\Common;C:\Program Files\Java\jdk-12.0.1;C:\django\webdrivers;C:\MinGW\bin;C:\Users\GagaN\Anaconda3\python.exe;C:\Program Files\nodejs\;C:\ProgramData\chocolatey\bin;C:\Program Files (x86)\Yarn\bin\;C:\Program Files\Git\cmd;C:\WINDOWS\system32;C:\WINDOWS;C:\WINDOWS\System32\Wbem;C:\WINDOWS\System32\WindowsPowerShell\v1.0\;C:\WINDOWS\System32\OpenSSH\;C:\Users\GagaN\Anaconda3;C:\Users\GagaN\Anaconda3\Scripts;C:\Users\GagaN\Anaconda3\Library\bin;C:\Program Files\Docker\Docker\resources\bin;C:\ProgramData\DockerDesktop\version-bin;C:\Users\GagaN\Downloads\Programs\apache-ant-1.10.10;C:\Users\GagaN\Downloads\Programs;C:\django\chromedriver.exe;C:\Users\GagaN\AppData\Local\atom\bin;C:\Users\GagaN\AppData\Roaming\npm;C:\Users\GagaN\AppData\Local\Yarn\bin;C:\Users\GagaN\AppData\Local\Microsoft\WindowsApps;C:\Users\GagaN\AppData\Local\GitHubDesktop\bin;C:\Users\GagaN\Anaconda3;C:\Program Files\JetBrains\IntelliJ IDEA Community Edition 2021.1\bin;;C:\flutter\flutter\bin;C:\Users\GagaN\AppData\Local\Programs\Microsoft VS Code\bin;.]
19-Jun-2021 17:34:42.535 INFO [main] org.apache.coyote.AbstractProtocol.init Initializing ProtocolHandler ["http-nio-8080"]
19-Jun-2021 17:34:45.379 INFO [main] org.apache.catalina.startup.Catalina.load Server initialization in [3693] milliseconds
19-Jun-2021 17:34:45.436 INFO [main] org.apache.catalina.core.StandardService.startInternal Starting service [Catalina]
19-Jun-2021 17:34:45.437 INFO [main] org.apache.catalina.core.StandardEngine.startInternal Starting Servlet engine: [Apache Tomcat/9.0.46]
19-Jun-2021 17:34:45.453 INFO [main] org.apache.catalina.startup.HostConfig.deployDirectory Deploying web application directory [C:\Users\GagaN\Desktop\Intern Project\POC2\TCserver\apache-tomcat-9.0.46\webapps\app]
19-Jun-2021 17:34:48.217 INFO [main] org.apache.jasper.servlet.TldScanner.scanJars At least one JAR was scanned for TLDs yet contained no TLDs. Enable debug logging for this logger for a complete list of JARs that were scanned but no TLDs were found in them. Skipping unneeded JARs during scanning can improve startup time and JSP compilation time.
19-Jun-2021 17:34:50.922 WARNING [main] org.apache.catalina.util.SessionIdGeneratorBase.createSecureRandom Creation of SecureRandom instance for session ID generation using [SHA1PRNG] took [2,673] milliseconds.
19-Jun-2021 17:34:50.949 INFO [main] org.apache.catalina.startup.HostConfig.deployDirectory Deployment of web application directory [C:\Users\GagaN\Desktop\Intern Project\POC2\TCserver\apache-tomcat-9.0.46\webapps\app] has finished in [5,496] ms
19-Jun-2021 17:34:50.957 INFO [main] org.apache.coyote.AbstractProtocol.start Starting ProtocolHandler ["http-nio-8080"]
19-Jun-2021 17:34:50.969 INFO [main] org.apache.catalina.startup.Catalina.start Server startup in [5589] milliseconds
19-Jun-2021 17:35:37.012 INFO [main] org.apache.catalina.startup.VersionLoggerListener.log Server version name:   Apache Tomcat/9.0.46
19-Jun-2021 17:35:37.016 INFO [main] org.apache.catalina.startup.VersionLoggerListener.log Server built:          May 8 2021 17:35:52 UTC
19-Jun-2021 17:35:37.017 INFO [main] org.apache.catalina.startup.VersionLoggerListener.log Server version number: 9.0.46.0
19-Jun-2021 17:35:37.017 INFO [main] org.apache.catalina.startup.VersionLoggerListener.log OS Name:               Windows 10
19-Jun-2021 17:35:37.017 INFO [main] org.apache.catalina.startup.VersionLoggerListener.log OS Version:            10.0
19-Jun-2021 17:35:37.018 INFO [main] org.apache.catalina.startup.VersionLoggerListener.log Architecture:          amd64
19-Jun-2021 17:35:37.018 INFO [main] org.apache.catalina.startup.VersionLoggerListener.log Java Home:             C:\Program Files\Java\jdk-12.0.1
19-Jun-2021 17:35:37.018 INFO [main] org.apache.catalina.startup.VersionLoggerListener.log JVM Version:           12.0.1+12
19-Jun-2021 17:35:37.018 INFO [main] org.apache.catalina.startup.VersionLoggerListener.log JVM Vendor:            Oracle Corporation
19-Jun-2021 17:35:37.019 INFO [main] org.apache.catalina.startup.VersionLoggerListener.log CATALINA_BASE:         C:\Users\GagaN\Desktop\Intern Project\POC2\TCserver\apache-tomcat-9.0.46
19-Jun-2021 17:35:37.019 INFO [main] org.apache.catalina.startup.VersionLoggerListener.log CATALINA_HOME:         C:\Users\GagaN\Desktop\Intern Project\POC2\TCserver\apache-tomcat-9.0.46
19-Jun-2021 17:35:37.036 INFO [main] org.apache.catalina.startup.VersionLoggerListener.log Command line argument: --add-opens=java.base/java.lang=ALL-UNNAMED
19-Jun-2021 17:35:37.037 INFO [main] org.apache.catalina.startup.VersionLoggerListener.log Command line argument: --add-opens=java.base/java.io=ALL-UNNAMED
19-Jun-2021 17:35:37.037 INFO [main] org.apache.catalina.startup.VersionLoggerListener.log Command line argument: --add-opens=java.base/java.util=ALL-UNNAMED
19-Jun-2021 17:35:37.038 INFO [main] org.apache.catalina.startup.VersionLoggerListener.log Command line argument: --add-opens=java.base/java.util.concurrent=ALL-UNNAMED
19-Jun-2021 17:35:37.038 INFO [main] org.apache.catalina.startup.VersionLoggerListener.log Command line argument: --add-opens=java.rmi/sun.rmi.transport=ALL-UNNAMED
19-Jun-2021 17:35:37.039 INFO [main] org.apache.catalina.startup.VersionLoggerListener.log Command line argument: -Djava.util.logging.config.file=C:\Users\GagaN\Desktop\Intern Project\POC2\TCserver\apache-tomcat-9.0.46\conf\logging.properties
19-Jun-2021 17:35:37.043 INFO [main] org.apache.catalina.startup.VersionLoggerListener.log Command line argument: -Djava.util.logging.manager=org.apache.juli.ClassLoaderLogManager
19-Jun-2021 17:35:37.046 INFO [main] org.apache.catalina.startup.VersionLoggerListener.log Command line argument: -Djdk.tls.ephemeralDHKeySize=2048
19-Jun-2021 17:35:37.046 INFO [main] org.apache.catalina.startup.VersionLoggerListener.log Command line argument: -Djava.protocol.handler.pkgs=org.apache.catalina.webresources
19-Jun-2021 17:35:37.046 INFO [main] org.apache.catalina.startup.VersionLoggerListener.log Command line argument: -Dignore.endorsed.dirs=
19-Jun-2021 17:35:37.047 INFO [main] org.apache.catalina.startup.VersionLoggerListener.log Command line argument: -Dcatalina.base=C:\Users\GagaN\Desktop\Intern Project\POC2\TCserver\apache-tomcat-9.0.46
19-Jun-2021 17:35:37.047 INFO [main] org.apache.catalina.startup.VersionLoggerListener.log Command line argument: -Dcatalina.home=C:\Users\GagaN\Desktop\Intern Project\POC2\TCserver\apache-tomcat-9.0.46
19-Jun-2021 17:35:37.048 INFO [main] org.apache.catalina.startup.VersionLoggerListener.log Command line argument: -Djava.io.tmpdir=C:\Users\GagaN\Desktop\Intern Project\POC2\TCserver\apache-tomcat-9.0.46\temp
19-Jun-2021 17:35:37.068 INFO [main] org.apache.catalina.core.AprLifecycleListener.lifecycleEvent The Apache Tomcat Native library which allows using OpenSSL was not found on the java.library.path: [C:\Program Files\Java\jdk-12.0.1\bin;C:\WINDOWS\Sun\Java\bin;C:\WINDOWS\system32;C:\WINDOWS;C:\Users\GagaN\AppData\Local\Programs\Python\Python38;"C:\WINDOWS\SYSTEM32;c:\Program Files\java\jdk\bin";C:\Windows;C:\Windows\System32\Wbem;C:\Windows\System32\WindowsPowerShell\v1.0\;C:\WINDOWS\system32;C:\WINDOWS;C:\WINDOWS\System32\Wbem;C:\WINDOWS\System32\WindowsPowerShell\v1.0\;C:\WINDOWS\System32\OpenSSH\;C:\Program Files\Microsoft SQL Server\130\Tools\Binn\;C:\Program Files\PuTTY\;C:\Program Files\NVIDIA Corporation\NVIDIA NvDLISR;C:\Program Files\Java\jdk-12.0.1\bin;C:\Program Files (x86)\NVIDIA Corporation\PhysX\Common;C:\Program Files\Java\jdk-12.0.1;C:\django\webdrivers;C:\MinGW\bin;C:\Users\GagaN\Anaconda3\python.exe;C:\Program Files\nodejs\;C:\ProgramData\chocolatey\bin;C:\Program Files (x86)\Yarn\bin\;C:\Program Files\Git\cmd;C:\WINDOWS\system32;C:\WINDOWS;C:\WINDOWS\System32\Wbem;C:\WINDOWS\System32\WindowsPowerShell\v1.0\;C:\WINDOWS\System32\OpenSSH\;C:\Users\GagaN\Anaconda3;C:\Users\GagaN\Anaconda3\Scripts;C:\Users\GagaN\Anaconda3\Library\bin;C:\Program Files\Docker\Docker\resources\bin;C:\ProgramData\DockerDesktop\version-bin;C:\Users\GagaN\Downloads\Programs\apache-ant-1.10.10;C:\Users\GagaN\Downloads\Programs;C:\django\chromedriver.exe;C:\Users\GagaN\AppData\Local\atom\bin;C:\Users\GagaN\AppData\Roaming\npm;C:\Users\GagaN\AppData\Local\Yarn\bin;C:\Users\GagaN\AppData\Local\Microsoft\WindowsApps;C:\Users\GagaN\AppData\Local\GitHubDesktop\bin;C:\Users\GagaN\Anaconda3;C:\Program Files\JetBrains\IntelliJ IDEA Community Edition 2021.1\bin;;C:\flutter\flutter\bin;C:\Users\GagaN\AppData\Local\Programs\Microsoft VS Code\bin;.]
19-Jun-2021 17:35:37.550 INFO [main] org.apache.coyote.AbstractProtocol.init Initializing ProtocolHandler ["http-nio-8080"]
19-Jun-2021 17:35:40.404 INFO [main] org.apache.catalina.startup.Catalina.load Server initialization in [3644] milliseconds
19-Jun-2021 17:35:40.458 INFO [main] org.apache.catalina.core.StandardService.startInternal Starting service [Catalina]
19-Jun-2021 17:35:40.459 INFO [main] org.apache.catalina.core.StandardEngine.startInternal Starting Servlet engine: [Apache Tomcat/9.0.46]
19-Jun-2021 17:35:40.475 INFO [main] org.apache.catalina.startup.HostConfig.deployDirectory Deploying web application directory [C:\Users\GagaN\Desktop\Intern Project\POC2\TCserver\apache-tomcat-9.0.46\webapps\app]
19-Jun-2021 17:35:43.300 INFO [main] org.apache.jasper.servlet.TldScanner.scanJars At least one JAR was scanned for TLDs yet contained no TLDs. Enable debug logging for this logger for a complete list of JARs that were scanned but no TLDs were found in them. Skipping unneeded JARs during scanning can improve startup time and JSP compilation time.
19-Jun-2021 17:35:45.967 WARNING [main] org.apache.catalina.util.SessionIdGeneratorBase.createSecureRandom Creation of SecureRandom instance for session ID generation using [SHA1PRNG] took [2,641] milliseconds.
19-Jun-2021 17:35:46.009 INFO [main] org.apache.catalina.startup.HostConfig.deployDirectory Deployment of web application directory [C:\Users\GagaN\Desktop\Intern Project\POC2\TCserver\apache-tomcat-9.0.46\webapps\app] has finished in [5,534] ms
19-Jun-2021 17:35:46.017 INFO [main] org.apache.coyote.AbstractProtocol.start Starting ProtocolHandler ["http-nio-8080"]
19-Jun-2021 17:35:46.031 INFO [main] org.apache.catalina.startup.Catalina.start Server startup in [5626] milliseconds
19-Jun-2021 17:40:37.400 INFO [main] org.apache.catalina.startup.VersionLoggerListener.log Server version name:   Apache Tomcat/9.0.46
19-Jun-2021 17:40:37.404 INFO [main] org.apache.catalina.startup.VersionLoggerListener.log Server built:          May 8 2021 17:35:52 UTC
19-Jun-2021 17:40:37.404 INFO [main] org.apache.catalina.startup.VersionLoggerListener.log Server version number: 9.0.46.0
19-Jun-2021 17:40:37.404 INFO [main] org.apache.catalina.startup.VersionLoggerListener.log OS Name:               Windows 10
19-Jun-2021 17:40:37.405 INFO [main] org.apache.catalina.startup.VersionLoggerListener.log OS Version:            10.0
19-Jun-2021 17:40:37.405 INFO [main] org.apache.catalina.startup.VersionLoggerListener.log Architecture:          amd64
19-Jun-2021 17:40:37.405 INFO [main] org.apache.catalina.startup.VersionLoggerListener.log Java Home:             C:\Program Files\Java\jdk-12.0.1
19-Jun-2021 17:40:37.405 INFO [main] org.apache.catalina.startup.VersionLoggerListener.log JVM Version:           12.0.1+12
19-Jun-2021 17:40:37.406 INFO [main] org.apache.catalina.startup.VersionLoggerListener.log JVM Vendor:            Oracle Corporation
19-Jun-2021 17:40:37.406 INFO [main] org.apache.catalina.startup.VersionLoggerListener.log CATALINA_BASE:         C:\Users\GagaN\Desktop\Intern Project\POC2\TCserver\apache-tomcat-9.0.46
19-Jun-2021 17:40:37.406 INFO [main] org.apache.catalina.startup.VersionLoggerListener.log CATALINA_HOME:         C:\Users\GagaN\Desktop\Intern Project\POC2\TCserver\apache-tomcat-9.0.46
19-Jun-2021 17:40:37.426 INFO [main] org.apache.catalina.startup.VersionLoggerListener.log Command line argument: --add-opens=java.base/java.lang=ALL-UNNAMED
19-Jun-2021 17:40:37.426 INFO [main] org.apache.catalina.startup.VersionLoggerListener.log Command line argument: --add-opens=java.base/java.io=ALL-UNNAMED
19-Jun-2021 17:40:37.427 INFO [main] org.apache.catalina.startup.VersionLoggerListener.log Command line argument: --add-opens=java.base/java.util=ALL-UNNAMED
19-Jun-2021 17:40:37.427 INFO [main] org.apache.catalina.startup.VersionLoggerListener.log Command line argument: --add-opens=java.base/java.util.concurrent=ALL-UNNAMED
19-Jun-2021 17:40:37.428 INFO [main] org.apache.catalina.startup.VersionLoggerListener.log Command line argument: --add-opens=java.rmi/sun.rmi.transport=ALL-UNNAMED
19-Jun-2021 17:40:37.428 INFO [main] org.apache.catalina.startup.VersionLoggerListener.log Command line argument: -Djava.util.logging.config.file=C:\Users\GagaN\Desktop\Intern Project\POC2\TCserver\apache-tomcat-9.0.46\conf\logging.properties
19-Jun-2021 17:40:37.430 INFO [main] org.apache.catalina.startup.VersionLoggerListener.log Command line argument: -Djava.util.logging.manager=org.apache.juli.ClassLoaderLogManager
19-Jun-2021 17:40:37.430 INFO [main] org.apache.catalina.startup.VersionLoggerListener.log Command line argument: -Djdk.tls.ephemeralDHKeySize=2048
19-Jun-2021 17:40:37.431 INFO [main] org.apache.catalina.startup.VersionLoggerListener.log Command line argument: -Djava.protocol.handler.pkgs=org.apache.catalina.webresources
19-Jun-2021 17:40:37.432 INFO [main] org.apache.catalina.startup.VersionLoggerListener.log Command line argument: -Dignore.endorsed.dirs=
19-Jun-2021 17:40:37.432 INFO [main] org.apache.catalina.startup.VersionLoggerListener.log Command line argument: -Dcatalina.base=C:\Users\GagaN\Desktop\Intern Project\POC2\TCserver\apache-tomcat-9.0.46
19-Jun-2021 17:40:37.433 INFO [main] org.apache.catalina.startup.VersionLoggerListener.log Command line argument: -Dcatalina.home=C:\Users\GagaN\Desktop\Intern Project\POC2\TCserver\apache-tomcat-9.0.46
19-Jun-2021 17:40:37.434 INFO [main] org.apache.catalina.startup.VersionLoggerListener.log Command line argument: -Djava.io.tmpdir=C:\Users\GagaN\Desktop\Intern Project\POC2\TCserver\apache-tomcat-9.0.46\temp
19-Jun-2021 17:40:37.451 INFO [main] org.apache.catalina.core.AprLifecycleListener.lifecycleEvent The Apache Tomcat Native library which allows using OpenSSL was not found on the java.library.path: [C:\Program Files\Java\jdk-12.0.1\bin;C:\WINDOWS\Sun\Java\bin;C:\WINDOWS\system32;C:\WINDOWS;C:\Users\GagaN\AppData\Local\Programs\Python\Python38;"C:\WINDOWS\SYSTEM32;c:\Program Files\java\jdk\bin";C:\Windows;C:\Windows\System32\Wbem;C:\Windows\System32\WindowsPowerShell\v1.0\;C:\WINDOWS\system32;C:\WINDOWS;C:\WINDOWS\System32\Wbem;C:\WINDOWS\System32\WindowsPowerShell\v1.0\;C:\WINDOWS\System32\OpenSSH\;C:\Program Files\Microsoft SQL Server\130\Tools\Binn\;C:\Program Files\PuTTY\;C:\Program Files\NVIDIA Corporation\NVIDIA NvDLISR;C:\Program Files\Java\jdk-12.0.1\bin;C:\Program Files (x86)\NVIDIA Corporation\PhysX\Common;C:\Program Files\Java\jdk-12.0.1;C:\django\webdrivers;C:\MinGW\bin;C:\Users\GagaN\Anaconda3\python.exe;C:\Program Files\nodejs\;C:\ProgramData\chocolatey\bin;C:\Program Files (x86)\Yarn\bin\;C:\Program Files\Git\cmd;C:\WINDOWS\system32;C:\WINDOWS;C:\WINDOWS\System32\Wbem;C:\WINDOWS\System32\WindowsPowerShell\v1.0\;C:\WINDOWS\System32\OpenSSH\;C:\Users\GagaN\Anaconda3;C:\Users\GagaN\Anaconda3\Scripts;C:\Users\GagaN\Anaconda3\Library\bin;C:\Program Files\Docker\Docker\resources\bin;C:\ProgramData\DockerDesktop\version-bin;C:\Users\GagaN\Downloads\Programs\apache-ant-1.10.10;C:\Users\GagaN\Downloads\Programs;C:\django\chromedriver.exe;C:\Users\GagaN\AppData\Local\atom\bin;C:\Users\GagaN\AppData\Roaming\npm;C:\Users\GagaN\AppData\Local\Yarn\bin;C:\Users\GagaN\AppData\Local\Microsoft\WindowsApps;C:\Users\GagaN\AppData\Local\GitHubDesktop\bin;C:\Users\GagaN\Anaconda3;C:\Program Files\JetBrains\IntelliJ IDEA Community Edition 2021.1\bin;;C:\flutter\flutter\bin;C:\Users\GagaN\AppData\Local\Programs\Microsoft VS Code\bin;.]
19-Jun-2021 17:40:37.989 INFO [main] org.apache.coyote.AbstractProtocol.init Initializing ProtocolHandler ["http-nio-8080"]
19-Jun-2021 17:40:40.782 INFO [main] org.apache.catalina.startup.Catalina.load Server initialization in [3627] milliseconds
19-Jun-2021 17:40:40.855 INFO [main] org.apache.catalina.core.StandardService.startInternal Starting service [Catalina]
19-Jun-2021 17:40:40.855 INFO [main] org.apache.catalina.core.StandardEngine.startInternal Starting Servlet engine: [Apache Tomcat/9.0.46]
19-Jun-2021 17:40:40.872 INFO [main] org.apache.catalina.startup.HostConfig.deployDirectory Deploying web application directory [C:\Users\GagaN\Desktop\Intern Project\POC2\TCserver\apache-tomcat-9.0.46\webapps\app]
19-Jun-2021 17:40:43.615 INFO [main] org.apache.jasper.servlet.TldScanner.scanJars At least one JAR was scanned for TLDs yet contained no TLDs. Enable debug logging for this logger for a complete list of JARs that were scanned but no TLDs were found in them. Skipping unneeded JARs during scanning can improve startup time and JSP compilation time.
19-Jun-2021 17:40:46.311 WARNING [main] org.apache.catalina.util.SessionIdGeneratorBase.createSecureRandom Creation of SecureRandom instance for session ID generation using [SHA1PRNG] took [2,669] milliseconds.
19-Jun-2021 17:40:46.338 INFO [main] org.apache.catalina.startup.HostConfig.deployDirectory Deployment of web application directory [C:\Users\GagaN\Desktop\Intern Project\POC2\TCserver\apache-tomcat-9.0.46\webapps\app] has finished in [5,466] ms
19-Jun-2021 17:40:46.347 INFO [main] org.apache.coyote.AbstractProtocol.start Starting ProtocolHandler ["http-nio-8080"]
19-Jun-2021 17:40:46.363 INFO [main] org.apache.catalina.startup.Catalina.start Server startup in [5579] milliseconds
19-Jun-2021 17:41:39.943 INFO [main] org.apache.catalina.startup.VersionLoggerListener.log Server version name:   Apache Tomcat/9.0.46
19-Jun-2021 17:41:40.009 INFO [main] org.apache.catalina.startup.VersionLoggerListener.log Server built:          May 8 2021 17:35:52 UTC
19-Jun-2021 17:41:40.012 INFO [main] org.apache.catalina.startup.VersionLoggerListener.log Server version number: 9.0.46.0
19-Jun-2021 17:41:40.014 INFO [main] org.apache.catalina.startup.VersionLoggerListener.log OS Name:               Windows 10
19-Jun-2021 17:41:40.015 INFO [main] org.apache.catalina.startup.VersionLoggerListener.log OS Version:            10.0
19-Jun-2021 17:41:40.015 INFO [main] org.apache.catalina.startup.VersionLoggerListener.log Architecture:          amd64
19-Jun-2021 17:41:40.016 INFO [main] org.apache.catalina.startup.VersionLoggerListener.log Java Home:             C:\Program Files\Java\jdk-12.0.1
19-Jun-2021 17:41:40.016 INFO [main] org.apache.catalina.startup.VersionLoggerListener.log JVM Version:           12.0.1+12
19-Jun-2021 17:41:40.020 INFO [main] org.apache.catalina.startup.VersionLoggerListener.log JVM Vendor:            Oracle Corporation
19-Jun-2021 17:41:40.021 INFO [main] org.apache.catalina.startup.VersionLoggerListener.log CATALINA_BASE:         C:\Users\GagaN\Desktop\Intern Project\POC2\TCserver\apache-tomcat-9.0.46
19-Jun-2021 17:41:40.022 INFO [main] org.apache.catalina.startup.VersionLoggerListener.log CATALINA_HOME:         C:\Users\GagaN\Desktop\Intern Project\POC2\TCserver\apache-tomcat-9.0.46
19-Jun-2021 17:41:40.034 INFO [main] org.apache.catalina.startup.VersionLoggerListener.log Command line argument: --add-opens=java.base/java.lang=ALL-UNNAMED
19-Jun-2021 17:41:40.037 INFO [main] org.apache.catalina.startup.VersionLoggerListener.log Command line argument: --add-opens=java.base/java.io=ALL-UNNAMED
19-Jun-2021 17:41:40.037 INFO [main] org.apache.catalina.startup.VersionLoggerListener.log Command line argument: --add-opens=java.base/java.util=ALL-UNNAMED
19-Jun-2021 17:41:40.038 INFO [main] org.apache.catalina.startup.VersionLoggerListener.log Command line argument: --add-opens=java.base/java.util.concurrent=ALL-UNNAMED
19-Jun-2021 17:41:40.040 INFO [main] org.apache.catalina.startup.VersionLoggerListener.log Command line argument: --add-opens=java.rmi/sun.rmi.transport=ALL-UNNAMED
19-Jun-2021 17:41:40.042 INFO [main] org.apache.catalina.startup.VersionLoggerListener.log Command line argument: -Djava.util.logging.config.file=C:\Users\GagaN\Desktop\Intern Project\POC2\TCserver\apache-tomcat-9.0.46\conf\logging.properties
19-Jun-2021 17:41:40.043 INFO [main] org.apache.catalina.startup.VersionLoggerListener.log Command line argument: -Djava.util.logging.manager=org.apache.juli.ClassLoaderLogManager
19-Jun-2021 17:41:40.044 INFO [main] org.apache.catalina.startup.VersionLoggerListener.log Command line argument: -Djdk.tls.ephemeralDHKeySize=2048
19-Jun-2021 17:41:40.045 INFO [main] org.apache.catalina.startup.VersionLoggerListener.log Command line argument: -Djava.protocol.handler.pkgs=org.apache.catalina.webresources
19-Jun-2021 17:41:40.046 INFO [main] org.apache.catalina.startup.VersionLoggerListener.log Command line argument: -Dignore.endorsed.dirs=
19-Jun-2021 17:41:40.046 INFO [main] org.apache.catalina.startup.VersionLoggerListener.log Command line argument: -Dcatalina.base=C:\Users\GagaN\Desktop\Intern Project\POC2\TCserver\apache-tomcat-9.0.46
19-Jun-2021 17:41:40.047 INFO [main] org.apache.catalina.startup.VersionLoggerListener.log Command line argument: -Dcatalina.home=C:\Users\GagaN\Desktop\Intern Project\POC2\TCserver\apache-tomcat-9.0.46
19-Jun-2021 17:41:40.048 INFO [main] org.apache.catalina.startup.VersionLoggerListener.log Command line argument: -Djava.io.tmpdir=C:\Users\GagaN\Desktop\Intern Project\POC2\TCserver\apache-tomcat-9.0.46\temp
19-Jun-2021 17:41:40.086 INFO [main] org.apache.catalina.core.AprLifecycleListener.lifecycleEvent The Apache Tomcat Native library which allows using OpenSSL was not found on the java.library.path: [C:\Program Files\Java\jdk-12.0.1\bin;C:\WINDOWS\Sun\Java\bin;C:\WINDOWS\system32;C:\WINDOWS;C:\Users\GagaN\AppData\Local\Programs\Python\Python38;"C:\WINDOWS\SYSTEM32;c:\Program Files\java\jdk\bin";C:\Windows;C:\Windows\System32\Wbem;C:\Windows\System32\WindowsPowerShell\v1.0\;C:\WINDOWS\system32;C:\WINDOWS;C:\WINDOWS\System32\Wbem;C:\WINDOWS\System32\WindowsPowerShell\v1.0\;C:\WINDOWS\System32\OpenSSH\;C:\Program Files\Microsoft SQL Server\130\Tools\Binn\;C:\Program Files\PuTTY\;C:\Program Files\NVIDIA Corporation\NVIDIA NvDLISR;C:\Program Files\Java\jdk-12.0.1\bin;C:\Program Files (x86)\NVIDIA Corporation\PhysX\Common;C:\Program Files\Java\jdk-12.0.1;C:\django\webdrivers;C:\MinGW\bin;C:\Users\GagaN\Anaconda3\python.exe;C:\Program Files\nodejs\;C:\ProgramData\chocolatey\bin;C:\Program Files (x86)\Yarn\bin\;C:\Program Files\Git\cmd;C:\WINDOWS\system32;C:\WINDOWS;C:\WINDOWS\System32\Wbem;C:\WINDOWS\System32\WindowsPowerShell\v1.0\;C:\WINDOWS\System32\OpenSSH\;C:\Users\GagaN\Anaconda3;C:\Users\GagaN\Anaconda3\Scripts;C:\Users\GagaN\Anaconda3\Library\bin;C:\Program Files\Docker\Docker\resources\bin;C:\ProgramData\DockerDesktop\version-bin;C:\Users\GagaN\Downloads\Programs\apache-ant-1.10.10;C:\Users\GagaN\Downloads\Programs;C:\django\chromedriver.exe;C:\Users\GagaN\AppData\Local\atom\bin;C:\Users\GagaN\AppData\Roaming\npm;C:\Users\GagaN\AppData\Local\Yarn\bin;C:\Users\GagaN\AppData\Local\Microsoft\WindowsApps;C:\Users\GagaN\AppData\Local\GitHubDesktop\bin;C:\Users\GagaN\Anaconda3;C:\Program Files\JetBrains\IntelliJ IDEA Community Edition 2021.1\bin;;C:\flutter\flutter\bin;C:\Users\GagaN\AppData\Local\Programs\Microsoft VS Code\bin;.]
19-Jun-2021 17:41:41.074 INFO [main] org.apache.coyote.AbstractProtocol.init Initializing ProtocolHandler ["http-nio-8080"]
19-Jun-2021 17:41:44.359 INFO [main] org.apache.catalina.startup.Catalina.load Server initialization in [4817] milliseconds
19-Jun-2021 17:41:44.414 INFO [main] org.apache.catalina.core.StandardService.startInternal Starting service [Catalina]
19-Jun-2021 17:41:44.415 INFO [main] org.apache.catalina.core.StandardEngine.startInternal Starting Servlet engine: [Apache Tomcat/9.0.46]
19-Jun-2021 17:41:44.430 INFO [main] org.apache.catalina.startup.HostConfig.deployDirectory Deploying web application directory [C:\Users\GagaN\Desktop\Intern Project\POC2\TCserver\apache-tomcat-9.0.46\webapps\app]
19-Jun-2021 17:41:47.356 INFO [main] org.apache.jasper.servlet.TldScanner.scanJars At least one JAR was scanned for TLDs yet contained no TLDs. Enable debug logging for this logger for a complete list of JARs that were scanned but no TLDs were found in them. Skipping unneeded JARs during scanning can improve startup time and JSP compilation time.
19-Jun-2021 17:41:50.013 WARNING [main] org.apache.catalina.util.SessionIdGeneratorBase.createSecureRandom Creation of SecureRandom instance for session ID generation using [SHA1PRNG] took [2,631] milliseconds.
19-Jun-2021 17:41:50.042 INFO [main] org.apache.catalina.startup.HostConfig.deployDirectory Deployment of web application directory [C:\Users\GagaN\Desktop\Intern Project\POC2\TCserver\apache-tomcat-9.0.46\webapps\app] has finished in [5,611] ms
19-Jun-2021 17:41:50.050 INFO [main] org.apache.coyote.AbstractProtocol.start Starting ProtocolHandler ["http-nio-8080"]
19-Jun-2021 17:41:50.062 INFO [main] org.apache.catalina.startup.Catalina.start Server startup in [5703] milliseconds
