26-May-2021 09:52:55.753 INFO [main] org.apache.catalina.core.ApplicationContext.log ContextListener: contextInitialized()
26-May-2021 09:52:55.753 INFO [main] org.apache.catalina.core.ApplicationContext.log SessionListener: contextInitialized()
26-May-2021 09:52:55.760 INFO [main] org.apache.catalina.core.ApplicationContext.log ContextListener: attributeAdded('StockTicker', 'async.Stockticker@4ae33a11')
26-May-2021 09:54:46.311 INFO [main] org.apache.catalina.core.ApplicationContext.log ContextListener: contextInitialized()
26-May-2021 09:54:46.312 INFO [main] org.apache.catalina.core.ApplicationContext.log SessionListener: contextInitialized()
26-May-2021 09:54:46.316 INFO [main] org.apache.catalina.core.ApplicationContext.log ContextListener: attributeAdded('StockTicker', 'async.Stockticker@4ae33a11')
26-May-2021 10:03:18.497 INFO [main] org.apache.catalina.core.ApplicationContext.log ContextListener: contextInitialized()
26-May-2021 10:03:18.497 INFO [main] org.apache.catalina.core.ApplicationContext.log SessionListener: contextInitialized()
26-May-2021 10:03:18.503 INFO [main] org.apache.catalina.core.ApplicationContext.log ContextListener: attributeAdded('StockTicker', 'async.Stockticker@2ba1209b')
26-May-2021 10:04:38.256 INFO [main] org.apache.catalina.core.ApplicationContext.log ContextListener: contextInitialized()
26-May-2021 10:04:38.257 INFO [main] org.apache.catalina.core.ApplicationContext.log SessionListener: contextInitialized()
26-May-2021 10:04:38.266 INFO [main] org.apache.catalina.core.ApplicationContext.log ContextListener: attributeAdded('StockTicker', 'async.Stockticker@3a8cea24')
26-May-2021 10:07:47.499 INFO [main] org.apache.catalina.core.ApplicationContext.log ContextListener: contextInitialized()
26-May-2021 10:07:47.499 INFO [main] org.apache.catalina.core.ApplicationContext.log SessionListener: contextInitialized()
26-May-2021 10:07:47.505 INFO [main] org.apache.catalina.core.ApplicationContext.log ContextListener: attributeAdded('StockTicker', 'async.Stockticker@348137e8')
26-May-2021 16:09:52.653 INFO [main] org.apache.catalina.core.ApplicationContext.log ContextListener: contextInitialized()
26-May-2021 16:09:52.653 INFO [main] org.apache.catalina.core.ApplicationContext.log SessionListener: contextInitialized()
26-May-2021 16:09:52.657 INFO [main] org.apache.catalina.core.ApplicationContext.log ContextListener: attributeAdded('StockTicker', 'async.Stockticker@4cdba2ed')
26-May-2021 16:11:00.371 INFO [main] org.apache.catalina.core.ApplicationContext.log ContextListener: contextInitialized()
26-May-2021 16:11:00.371 INFO [main] org.apache.catalina.core.ApplicationContext.log SessionListener: contextInitialized()
26-May-2021 16:11:00.376 INFO [main] org.apache.catalina.core.ApplicationContext.log ContextListener: attributeAdded('StockTicker', 'async.Stockticker@335f5c69')
26-May-2021 16:21:16.781 INFO [main] org.apache.catalina.core.ApplicationContext.log ContextListener: contextInitialized()
26-May-2021 16:21:16.781 INFO [main] org.apache.catalina.core.ApplicationContext.log SessionListener: contextInitialized()
26-May-2021 16:21:16.788 INFO [main] org.apache.catalina.core.ApplicationContext.log ContextListener: attributeAdded('StockTicker', 'async.Stockticker@1d6751e3')
26-May-2021 16:40:16.690 INFO [main] org.apache.catalina.core.ApplicationContext.log ContextListener: contextInitialized()
26-May-2021 16:40:16.690 INFO [main] org.apache.catalina.core.ApplicationContext.log SessionListener: contextInitialized()
26-May-2021 16:40:16.696 INFO [main] org.apache.catalina.core.ApplicationContext.log ContextListener: attributeAdded('StockTicker', 'async.Stockticker@624b523')
26-May-2021 16:45:47.906 INFO [main] org.apache.catalina.core.ApplicationContext.log ContextListener: contextInitialized()
26-May-2021 16:45:47.907 INFO [main] org.apache.catalina.core.ApplicationContext.log SessionListener: contextInitialized()
26-May-2021 16:45:47.925 INFO [main] org.apache.catalina.core.ApplicationContext.log ContextListener: attributeAdded('StockTicker', 'async.Stockticker@55c57422')
26-May-2021 16:50:38.646 INFO [main] org.apache.catalina.core.ApplicationContext.log ContextListener: contextInitialized()
26-May-2021 16:50:38.646 INFO [main] org.apache.catalina.core.ApplicationContext.log SessionListener: contextInitialized()
26-May-2021 16:50:38.652 INFO [main] org.apache.catalina.core.ApplicationContext.log ContextListener: attributeAdded('StockTicker', 'async.Stockticker@4b425577')
26-May-2021 16:51:01.006 INFO [main] org.apache.catalina.core.ApplicationContext.log ContextListener: contextInitialized()
26-May-2021 16:51:01.006 INFO [main] org.apache.catalina.core.ApplicationContext.log SessionListener: contextInitialized()
26-May-2021 16:51:01.012 INFO [main] org.apache.catalina.core.ApplicationContext.log ContextListener: attributeAdded('StockTicker', 'async.Stockticker@1d6751e3')
26-May-2021 16:54:37.017 INFO [main] org.apache.catalina.core.ApplicationContext.log ContextListener: contextInitialized()
26-May-2021 16:54:37.018 INFO [main] org.apache.catalina.core.ApplicationContext.log SessionListener: contextInitialized()
26-May-2021 16:54:37.024 INFO [main] org.apache.catalina.core.ApplicationContext.log ContextListener: attributeAdded('StockTicker', 'async.Stockticker@4cdba2ed')
26-May-2021 16:55:57.494 INFO [main] org.apache.catalina.core.ApplicationContext.log ContextListener: contextInitialized()
26-May-2021 16:55:57.494 INFO [main] org.apache.catalina.core.ApplicationContext.log SessionListener: contextInitialized()
26-May-2021 16:55:57.501 INFO [main] org.apache.catalina.core.ApplicationContext.log ContextListener: attributeAdded('StockTicker', 'async.Stockticker@2c1f8dbd')
26-May-2021 16:56:01.921 INFO [main] org.apache.catalina.core.ApplicationContext.log SessionListener: contextDestroyed()
26-May-2021 16:56:01.921 INFO [main] org.apache.catalina.core.ApplicationContext.log ContextListener: contextDestroyed()
26-May-2021 16:56:21.769 INFO [main] org.apache.catalina.core.ApplicationContext.log ContextListener: contextInitialized()
26-May-2021 16:56:21.769 INFO [main] org.apache.catalina.core.ApplicationContext.log SessionListener: contextInitialized()
26-May-2021 16:56:21.775 INFO [main] org.apache.catalina.core.ApplicationContext.log ContextListener: attributeAdded('StockTicker', 'async.Stockticker@335f5c69')
26-May-2021 17:10:56.662 INFO [main] org.apache.catalina.core.ApplicationContext.log ContextListener: contextInitialized()
26-May-2021 17:10:56.663 INFO [main] org.apache.catalina.core.ApplicationContext.log SessionListener: contextInitialized()
26-May-2021 17:10:56.667 INFO [main] org.apache.catalina.core.ApplicationContext.log ContextListener: attributeAdded('StockTicker', 'async.Stockticker@2b44d6d0')
26-May-2021 17:12:18.881 INFO [main] org.apache.catalina.core.ApplicationContext.log ContextListener: contextInitialized()
26-May-2021 17:12:18.882 INFO [main] org.apache.catalina.core.ApplicationContext.log SessionListener: contextInitialized()
26-May-2021 17:12:18.889 INFO [main] org.apache.catalina.core.ApplicationContext.log ContextListener: attributeAdded('StockTicker', 'async.Stockticker@1d6751e3')
26-May-2021 17:24:41.008 INFO [main] org.apache.catalina.core.ApplicationContext.log ContextListener: contextInitialized()
26-May-2021 17:24:41.008 INFO [main] org.apache.catalina.core.ApplicationContext.log SessionListener: contextInitialized()
26-May-2021 17:24:41.014 INFO [main] org.apache.catalina.core.ApplicationContext.log ContextListener: attributeAdded('StockTicker', 'async.Stockticker@64502326')
