02-Jun-2021 13:22:10.626 INFO [main] org.apache.catalina.core.ApplicationContext.log ContextListener: contextInitialized()
02-Jun-2021 13:22:10.626 INFO [main] org.apache.catalina.core.ApplicationContext.log SessionListener: contextInitialized()
02-Jun-2021 13:22:10.632 INFO [main] org.apache.catalina.core.ApplicationContext.log ContextListener: attributeAdded('StockTicker', 'async.Stockticker@70916715')
02-Jun-2021 13:22:34.548 SEVERE [http-nio-8080-exec-4] org.apache.catalina.core.StandardWrapperValve.invoke Servlet.service() for servlet [HelloServlet] in context with path [/app] threw exception
	java.util.regex.PatternSyntaxException: Dangling meta character '*' near index 0
*/ords/*/_/sql
^
		at java.base/java.util.regex.Pattern.error(Pattern.java:2015)
		at java.base/java.util.regex.Pattern.sequence(Pattern.java:2190)
		at java.base/java.util.regex.Pattern.expr(Pattern.java:2056)
		at java.base/java.util.regex.Pattern.compile(Pattern.java:1778)
		at java.base/java.util.regex.Pattern.<init>(Pattern.java:1427)
		at java.base/java.util.regex.Pattern.compile(Pattern.java:1068)
		at java.base/java.util.regex.Pattern.matches(Pattern.java:1173)
		at HelloServlet.doPost(Helloservlet.java:29)
		at javax.servlet.http.HttpServlet.service(HttpServlet.java:652)
		at javax.servlet.http.HttpServlet.service(HttpServlet.java:733)
		at org.apache.catalina.core.ApplicationFilterChain.internalDoFilter(ApplicationFilterChain.java:227)
		at org.apache.catalina.core.ApplicationFilterChain.doFilter(ApplicationFilterChain.java:162)
		at org.apache.tomcat.websocket.server.WsFilter.doFilter(WsFilter.java:53)
		at org.apache.catalina.core.ApplicationFilterChain.internalDoFilter(ApplicationFilterChain.java:189)
		at org.apache.catalina.core.ApplicationFilterChain.doFilter(ApplicationFilterChain.java:162)
		at org.apache.catalina.core.StandardWrapperValve.invoke(StandardWrapperValve.java:202)
		at org.apache.catalina.core.StandardContextValve.invoke(StandardContextValve.java:97)
		at org.apache.catalina.authenticator.AuthenticatorBase.invoke(AuthenticatorBase.java:542)
		at org.apache.catalina.core.StandardHostValve.invoke(StandardHostValve.java:143)
		at org.apache.catalina.valves.ErrorReportValve.invoke(ErrorReportValve.java:92)
		at org.apache.catalina.valves.AbstractAccessLogValve.invoke(AbstractAccessLogValve.java:687)
		at org.apache.catalina.core.StandardEngineValve.invoke(StandardEngineValve.java:78)
		at org.apache.catalina.connector.CoyoteAdapter.service(CoyoteAdapter.java:357)
		at org.apache.coyote.http11.Http11Processor.service(Http11Processor.java:374)
		at org.apache.coyote.AbstractProcessorLight.process(AbstractProcessorLight.java:65)
		at org.apache.coyote.AbstractProtocol$ConnectionHandler.process(AbstractProtocol.java:893)
		at org.apache.tomcat.util.net.NioEndpoint$SocketProcessor.doRun(NioEndpoint.java:1707)
		at org.apache.tomcat.util.net.SocketProcessorBase.run(SocketProcessorBase.java:49)
		at java.base/java.util.concurrent.ThreadPoolExecutor.runWorker(ThreadPoolExecutor.java:1128)
		at java.base/java.util.concurrent.ThreadPoolExecutor$Worker.run(ThreadPoolExecutor.java:628)
		at org.apache.tomcat.util.threads.TaskThread$WrappingRunnable.run(TaskThread.java:61)
		at java.base/java.lang.Thread.run(Thread.java:835)
02-Jun-2021 13:28:53.784 INFO [main] org.apache.catalina.core.ApplicationContext.log ContextListener: contextInitialized()
02-Jun-2021 13:28:53.785 INFO [main] org.apache.catalina.core.ApplicationContext.log SessionListener: contextInitialized()
02-Jun-2021 13:28:53.790 INFO [main] org.apache.catalina.core.ApplicationContext.log ContextListener: attributeAdded('StockTicker', 'async.Stockticker@1e686da2')
02-Jun-2021 13:29:51.734 INFO [main] org.apache.catalina.core.ApplicationContext.log ContextListener: contextInitialized()
02-Jun-2021 13:29:51.735 INFO [main] org.apache.catalina.core.ApplicationContext.log SessionListener: contextInitialized()
02-Jun-2021 13:29:51.740 INFO [main] org.apache.catalina.core.ApplicationContext.log ContextListener: attributeAdded('StockTicker', 'async.Stockticker@1e686da2')
