25-May-2021 11:12:30.606 INFO [main] org.apache.catalina.core.ApplicationContext.log ContextListener: contextInitialized()
25-May-2021 11:12:30.607 INFO [main] org.apache.catalina.core.ApplicationContext.log SessionListener: contextInitialized()
25-May-2021 11:12:30.638 INFO [main] org.apache.catalina.core.ApplicationContext.log ContextListener: attributeAdded('StockTicker', 'async.Stockticker@18518ccf')
25-May-2021 11:15:47.872 INFO [Thread-3] org.apache.catalina.core.ApplicationContext.log SessionListener: contextDestroyed()
25-May-2021 11:15:47.873 INFO [Thread-3] org.apache.catalina.core.ApplicationContext.log ContextListener: contextDestroyed()
25-May-2021 11:16:00.428 INFO [main] org.apache.catalina.core.ApplicationContext.log ContextListener: contextInitialized()
25-May-2021 11:16:00.428 INFO [main] org.apache.catalina.core.ApplicationContext.log SessionListener: contextInitialized()
25-May-2021 11:16:00.458 INFO [main] org.apache.catalina.core.ApplicationContext.log ContextListener: attributeAdded('StockTicker', 'async.Stockticker@46f699d5')
25-May-2021 11:17:05.730 INFO [Thread-3] org.apache.catalina.core.ApplicationContext.log SessionListener: contextDestroyed()
25-May-2021 11:17:05.730 INFO [Thread-3] org.apache.catalina.core.ApplicationContext.log ContextListener: contextDestroyed()
25-May-2021 11:17:17.816 INFO [main] org.apache.catalina.core.ApplicationContext.log ContextListener: contextInitialized()
25-May-2021 11:17:17.816 INFO [main] org.apache.catalina.core.ApplicationContext.log SessionListener: contextInitialized()
25-May-2021 11:17:17.848 INFO [main] org.apache.catalina.core.ApplicationContext.log ContextListener: attributeAdded('StockTicker', 'async.Stockticker@46f699d5')
25-May-2021 11:45:08.390 INFO [main] org.apache.catalina.core.ApplicationContext.log ContextListener: contextInitialized()
25-May-2021 11:45:08.391 INFO [main] org.apache.catalina.core.ApplicationContext.log SessionListener: contextInitialized()
25-May-2021 11:45:08.395 INFO [main] org.apache.catalina.core.ApplicationContext.log ContextListener: attributeAdded('StockTicker', 'async.Stockticker@3fc9dfc5')
25-May-2021 11:45:17.693 INFO [Thread-3] org.apache.catalina.core.ApplicationContext.log SessionListener: contextDestroyed()
25-May-2021 11:45:17.693 INFO [Thread-3] org.apache.catalina.core.ApplicationContext.log ContextListener: contextDestroyed()
25-May-2021 11:45:47.191 INFO [main] org.apache.catalina.core.ApplicationContext.log ContextListener: contextInitialized()
25-May-2021 11:45:47.191 INFO [main] org.apache.catalina.core.ApplicationContext.log SessionListener: contextInitialized()
25-May-2021 11:45:47.196 INFO [main] org.apache.catalina.core.ApplicationContext.log ContextListener: attributeAdded('StockTicker', 'async.Stockticker@7db82169')
25-May-2021 11:47:56.128 INFO [Thread-3] org.apache.catalina.core.ApplicationContext.log SessionListener: contextDestroyed()
25-May-2021 11:47:56.128 INFO [Thread-3] org.apache.catalina.core.ApplicationContext.log ContextListener: contextDestroyed()
25-May-2021 11:48:49.626 INFO [main] org.apache.catalina.core.ApplicationContext.log ContextListener: contextInitialized()
25-May-2021 11:48:49.626 INFO [main] org.apache.catalina.core.ApplicationContext.log SessionListener: contextInitialized()
25-May-2021 11:48:49.631 INFO [main] org.apache.catalina.core.ApplicationContext.log ContextListener: attributeAdded('StockTicker', 'async.Stockticker@5049d8b2')
25-May-2021 11:50:16.038 INFO [Thread-3] org.apache.catalina.core.ApplicationContext.log SessionListener: contextDestroyed()
25-May-2021 11:50:16.038 INFO [Thread-3] org.apache.catalina.core.ApplicationContext.log ContextListener: contextDestroyed()
25-May-2021 15:57:45.832 INFO [main] org.apache.catalina.core.ApplicationContext.log ContextListener: contextInitialized()
25-May-2021 15:57:45.832 INFO [main] org.apache.catalina.core.ApplicationContext.log SessionListener: contextInitialized()
25-May-2021 15:57:45.837 INFO [main] org.apache.catalina.core.ApplicationContext.log ContextListener: attributeAdded('StockTicker', 'async.Stockticker@4275c20c')
25-May-2021 16:00:55.912 INFO [main] org.apache.catalina.core.ApplicationContext.log ContextListener: contextInitialized()
25-May-2021 16:00:55.913 INFO [main] org.apache.catalina.core.ApplicationContext.log SessionListener: contextInitialized()
25-May-2021 16:00:55.917 INFO [main] org.apache.catalina.core.ApplicationContext.log ContextListener: attributeAdded('StockTicker', 'async.Stockticker@77602954')
25-May-2021 16:03:52.676 INFO [main] org.apache.catalina.core.ApplicationContext.log ContextListener: contextInitialized()
25-May-2021 16:03:52.677 INFO [main] org.apache.catalina.core.ApplicationContext.log SessionListener: contextInitialized()
25-May-2021 16:03:52.682 INFO [main] org.apache.catalina.core.ApplicationContext.log ContextListener: attributeAdded('StockTicker', 'async.Stockticker@5049d8b2')
25-May-2021 16:04:48.691 INFO [main] org.apache.catalina.core.ApplicationContext.log ContextListener: contextInitialized()
25-May-2021 16:04:48.691 INFO [main] org.apache.catalina.core.ApplicationContext.log SessionListener: contextInitialized()
25-May-2021 16:04:48.696 INFO [main] org.apache.catalina.core.ApplicationContext.log ContextListener: attributeAdded('StockTicker', 'async.Stockticker@631e06ab')
25-May-2021 16:05:44.405 INFO [main] org.apache.catalina.core.ApplicationContext.log ContextListener: contextInitialized()
25-May-2021 16:05:44.405 INFO [main] org.apache.catalina.core.ApplicationContext.log SessionListener: contextInitialized()
25-May-2021 16:05:44.410 INFO [main] org.apache.catalina.core.ApplicationContext.log ContextListener: attributeAdded('StockTicker', 'async.Stockticker@631e06ab')
25-May-2021 16:12:55.179 INFO [main] org.apache.catalina.core.ApplicationContext.log ContextListener: contextInitialized()
25-May-2021 16:12:55.179 INFO [main] org.apache.catalina.core.ApplicationContext.log SessionListener: contextInitialized()
25-May-2021 16:12:55.184 INFO [main] org.apache.catalina.core.ApplicationContext.log ContextListener: attributeAdded('StockTicker', 'async.Stockticker@6a66a204')
25-May-2021 16:12:55.460 INFO [main] org.apache.catalina.core.ApplicationContext.log SessionListener: contextDestroyed()
25-May-2021 16:12:55.461 INFO [main] org.apache.catalina.core.ApplicationContext.log ContextListener: contextDestroyed()
25-May-2021 16:13:11.498 INFO [main] org.apache.catalina.core.ApplicationContext.log ContextListener: contextInitialized()
25-May-2021 16:13:11.498 INFO [main] org.apache.catalina.core.ApplicationContext.log SessionListener: contextInitialized()
25-May-2021 16:13:11.503 INFO [main] org.apache.catalina.core.ApplicationContext.log ContextListener: attributeAdded('StockTicker', 'async.Stockticker@5049d8b2')
25-May-2021 16:13:51.656 INFO [main] org.apache.catalina.core.ApplicationContext.log ContextListener: contextInitialized()
25-May-2021 16:13:51.656 INFO [main] org.apache.catalina.core.ApplicationContext.log SessionListener: contextInitialized()
25-May-2021 16:13:51.661 INFO [main] org.apache.catalina.core.ApplicationContext.log ContextListener: attributeAdded('StockTicker', 'async.Stockticker@631e06ab')
25-May-2021 16:14:03.998 SEVERE [http-nio-8080-exec-3] org.apache.catalina.core.StandardWrapperValve.invoke Servlet.service() for servlet [HelloServlet] in context with path [/app] threw exception
	java.lang.ArrayIndexOutOfBoundsException: Index 1 out of bounds for length 0
		at HelloServlet.doGet(HelloServlet.java:14)
		at javax.servlet.http.HttpServlet.service(HttpServlet.java:626)
		at javax.servlet.http.HttpServlet.service(HttpServlet.java:733)
		at org.apache.catalina.core.ApplicationFilterChain.internalDoFilter(ApplicationFilterChain.java:227)
		at org.apache.catalina.core.ApplicationFilterChain.doFilter(ApplicationFilterChain.java:162)
		at org.apache.tomcat.websocket.server.WsFilter.doFilter(WsFilter.java:53)
		at org.apache.catalina.core.ApplicationFilterChain.internalDoFilter(ApplicationFilterChain.java:189)
		at org.apache.catalina.core.ApplicationFilterChain.doFilter(ApplicationFilterChain.java:162)
		at org.apache.catalina.core.StandardWrapperValve.invoke(StandardWrapperValve.java:202)
		at org.apache.catalina.core.StandardContextValve.invoke(StandardContextValve.java:97)
		at org.apache.catalina.authenticator.AuthenticatorBase.invoke(AuthenticatorBase.java:542)
		at org.apache.catalina.core.StandardHostValve.invoke(StandardHostValve.java:143)
		at org.apache.catalina.valves.ErrorReportValve.invoke(ErrorReportValve.java:92)
		at org.apache.catalina.valves.AbstractAccessLogValve.invoke(AbstractAccessLogValve.java:687)
		at org.apache.catalina.core.StandardEngineValve.invoke(StandardEngineValve.java:78)
		at org.apache.catalina.connector.CoyoteAdapter.service(CoyoteAdapter.java:357)
		at org.apache.coyote.http11.Http11Processor.service(Http11Processor.java:374)
		at org.apache.coyote.AbstractProcessorLight.process(AbstractProcessorLight.java:65)
		at org.apache.coyote.AbstractProtocol$ConnectionHandler.process(AbstractProtocol.java:893)
		at org.apache.tomcat.util.net.NioEndpoint$SocketProcessor.doRun(NioEndpoint.java:1707)
		at org.apache.tomcat.util.net.SocketProcessorBase.run(SocketProcessorBase.java:49)
		at java.base/java.util.concurrent.ThreadPoolExecutor.runWorker(ThreadPoolExecutor.java:1128)
		at java.base/java.util.concurrent.ThreadPoolExecutor$Worker.run(ThreadPoolExecutor.java:628)
		at org.apache.tomcat.util.threads.TaskThread$WrappingRunnable.run(TaskThread.java:61)
		at java.base/java.lang.Thread.run(Thread.java:835)
25-May-2021 16:14:42.511 INFO [main] org.apache.catalina.core.ApplicationContext.log ContextListener: contextInitialized()
25-May-2021 16:14:42.511 INFO [main] org.apache.catalina.core.ApplicationContext.log SessionListener: contextInitialized()
25-May-2021 16:14:42.516 INFO [main] org.apache.catalina.core.ApplicationContext.log ContextListener: attributeAdded('StockTicker', 'async.Stockticker@6722db6e')
25-May-2021 16:20:20.641 INFO [main] org.apache.catalina.core.ApplicationContext.log ContextListener: contextInitialized()
25-May-2021 16:20:20.641 INFO [main] org.apache.catalina.core.ApplicationContext.log SessionListener: contextInitialized()
25-May-2021 16:20:20.646 INFO [main] org.apache.catalina.core.ApplicationContext.log ContextListener: attributeAdded('StockTicker', 'async.Stockticker@5049d8b2')
25-May-2021 16:22:59.018 INFO [Thread-3] org.apache.catalina.core.ApplicationContext.log SessionListener: contextDestroyed()
25-May-2021 16:22:59.019 INFO [Thread-3] org.apache.catalina.core.ApplicationContext.log ContextListener: contextDestroyed()
25-May-2021 16:23:24.939 INFO [main] org.apache.catalina.core.ApplicationContext.log ContextListener: contextInitialized()
25-May-2021 16:23:24.939 INFO [main] org.apache.catalina.core.ApplicationContext.log SessionListener: contextInitialized()
25-May-2021 16:23:24.944 INFO [main] org.apache.catalina.core.ApplicationContext.log ContextListener: attributeAdded('StockTicker', 'async.Stockticker@34a75079')
25-May-2021 16:30:17.636 INFO [main] org.apache.catalina.core.ApplicationContext.log ContextListener: contextInitialized()
25-May-2021 16:30:17.636 INFO [main] org.apache.catalina.core.ApplicationContext.log SessionListener: contextInitialized()
25-May-2021 16:30:17.641 INFO [main] org.apache.catalina.core.ApplicationContext.log ContextListener: attributeAdded('StockTicker', 'async.Stockticker@631e06ab')
25-May-2021 17:16:05.635 INFO [main] org.apache.catalina.core.ApplicationContext.log ContextListener: contextInitialized()
25-May-2021 17:16:05.636 INFO [main] org.apache.catalina.core.ApplicationContext.log SessionListener: contextInitialized()
25-May-2021 17:16:05.640 INFO [main] org.apache.catalina.core.ApplicationContext.log ContextListener: attributeAdded('StockTicker', 'async.Stockticker@2a3591c5')
25-May-2021 17:18:05.281 INFO [main] org.apache.catalina.core.ApplicationContext.log ContextListener: contextInitialized()
25-May-2021 17:18:05.281 INFO [main] org.apache.catalina.core.ApplicationContext.log SessionListener: contextInitialized()
25-May-2021 17:18:05.286 INFO [main] org.apache.catalina.core.ApplicationContext.log ContextListener: attributeAdded('StockTicker', 'async.Stockticker@34a75079')
25-May-2021 17:37:44.005 INFO [main] org.apache.catalina.core.ApplicationContext.log ContextListener: contextInitialized()
25-May-2021 17:37:44.005 INFO [main] org.apache.catalina.core.ApplicationContext.log SessionListener: contextInitialized()
25-May-2021 17:37:44.011 INFO [main] org.apache.catalina.core.ApplicationContext.log ContextListener: attributeAdded('StockTicker', 'async.Stockticker@305f031')
25-May-2021 17:41:01.787 INFO [main] org.apache.catalina.core.ApplicationContext.log ContextListener: contextInitialized()
25-May-2021 17:41:01.788 INFO [main] org.apache.catalina.core.ApplicationContext.log SessionListener: contextInitialized()
25-May-2021 17:41:01.793 INFO [main] org.apache.catalina.core.ApplicationContext.log ContextListener: attributeAdded('StockTicker', 'async.Stockticker@4e517165')
25-May-2021 17:41:42.883 INFO [main] org.apache.catalina.core.ApplicationContext.log ContextListener: contextInitialized()
25-May-2021 17:41:42.883 INFO [main] org.apache.catalina.core.ApplicationContext.log SessionListener: contextInitialized()
25-May-2021 17:41:42.888 INFO [main] org.apache.catalina.core.ApplicationContext.log ContextListener: attributeAdded('StockTicker', 'async.Stockticker@34a75079')
25-May-2021 18:02:03.332 INFO [main] org.apache.catalina.core.ApplicationContext.log ContextListener: contextInitialized()
25-May-2021 18:02:03.333 INFO [main] org.apache.catalina.core.ApplicationContext.log SessionListener: contextInitialized()
25-May-2021 18:02:03.337 INFO [main] org.apache.catalina.core.ApplicationContext.log ContextListener: attributeAdded('StockTicker', 'async.Stockticker@631e06ab')
25-May-2021 18:03:06.576 INFO [main] org.apache.catalina.core.ApplicationContext.log ContextListener: contextInitialized()
25-May-2021 18:03:06.576 INFO [main] org.apache.catalina.core.ApplicationContext.log SessionListener: contextInitialized()
25-May-2021 18:03:06.581 INFO [main] org.apache.catalina.core.ApplicationContext.log ContextListener: attributeAdded('StockTicker', 'async.Stockticker@631e06ab')
